{"/home/travis/build/npmtest/node-npmtest-nightwatch/test.js":{"path":"/home/travis/build/npmtest/node-npmtest-nightwatch/test.js","s":{"1":2,"2":2,"3":2,"4":2,"5":2,"6":2,"7":2,"8":1,"9":2,"10":2,"11":1,"12":1,"13":1,"14":1,"15":2,"16":2,"17":2,"18":2,"19":1,"20":1,"21":2,"22":2,"23":2,"24":1,"25":1,"26":1,"27":1,"28":1,"29":1,"30":1,"31":1,"32":1,"33":1,"34":1,"35":1,"36":1,"37":2,"38":2,"39":1,"40":2,"41":2,"42":1,"43":2,"44":2,"45":1,"46":2,"47":2,"48":1,"49":1,"50":1,"51":1,"52":1},"b":{"1":[2,1,1,1],"2":[1,1,1,1],"3":[1,1],"4":[1,1],"5":[1,1],"6":[1,1],"7":[1,1],"8":[1,1],"9":[1,1,1],"10":[1,1],"11":[1,1],"12":[1,1],"13":[1,1],"14":[1,1],"15":[1,1],"16":[1,1]},"f":{"1":2,"2":2,"3":2,"4":2,"5":2,"6":1,"7":1,"8":2,"9":2,"10":2,"11":2,"12":1},"fnMap":{"1":{"name":"(anonymous_1)","line":12,"loc":{"start":{"line":12,"column":1},"end":{"line":12,"column":13}}},"2":{"name":"(anonymous_2)","line":19,"loc":{"start":{"line":19,"column":5},"end":{"line":19,"column":17}}},"3":{"name":"(anonymous_3)","line":23,"loc":{"start":{"line":23,"column":24},"end":{"line":23,"column":36}}},"4":{"name":"(anonymous_4)","line":61,"loc":{"start":{"line":61,"column":5},"end":{"line":61,"column":17}}},"5":{"name":"(anonymous_5)","line":82,"loc":{"start":{"line":82,"column":5},"end":{"line":82,"column":17}}},"6":{"name":"(anonymous_6)","line":102,"loc":{"start":{"line":102,"column":83},"end":{"line":105,"column":10}},"skip":true},"7":{"name":"(anonymous_7)","line":113,"loc":{"start":{"line":113,"column":77},"end":{"line":116,"column":10}},"skip":true},"8":{"name":"(anonymous_8)","line":129,"loc":{"start":{"line":129,"column":12},"end":{"line":129,"column":40}},"skip":true},"9":{"name":"(anonymous_9)","line":137,"loc":{"start":{"line":137,"column":77},"end":{"line":140,"column":10}},"skip":true},"10":{"name":"(anonymous_10)","line":148,"loc":{"start":{"line":148,"column":83},"end":{"line":151,"column":10}},"skip":true},"11":{"name":"(anonymous_11)","line":159,"loc":{"start":{"line":159,"column":79},"end":{"line":162,"column":10}},"skip":true},"12":{"name":"(anonymous_12)","line":170,"loc":{"start":{"line":170,"column":75},"end":{"line":173,"column":10}},"skip":true}},"statementMap":{"1":{"start":{"line":12,"column":0},"end":{"line":185,"column":5}},"2":{"start":{"line":14,"column":4},"end":{"line":14,"column":14}},"3":{"start":{"line":19,"column":4},"end":{"line":56,"column":9}},"4":{"start":{"line":21,"column":8},"end":{"line":21,"column":19}},"5":{"start":{"line":23,"column":8},"end":{"line":35,"column":13}},"6":{"start":{"line":24,"column":12},"end":{"line":34,"column":13}},"7":{"start":{"line":25,"column":16},"end":{"line":28,"column":30}},"8":{"start":{"line":30,"column":16},"end":{"line":33,"column":27}},"9":{"start":{"line":37,"column":8},"end":{"line":39,"column":21}},"10":{"start":{"line":40,"column":8},"end":{"line":53,"column":9}},"11":{"start":{"line":43,"column":12},"end":{"line":46,"column":14}},"12":{"start":{"line":47,"column":12},"end":{"line":47,"column":18}},"13":{"start":{"line":50,"column":12},"end":{"line":51,"column":46}},"14":{"start":{"line":52,"column":12},"end":{"line":52,"column":18}},"15":{"start":{"line":55,"column":8},"end":{"line":55,"column":35}},"16":{"start":{"line":61,"column":4},"end":{"line":63,"column":9}},"17":{"start":{"line":62,"column":8},"end":{"line":62,"column":15}},"18":{"start":{"line":64,"column":4},"end":{"line":77,"column":5}},"19":{"start":{"line":70,"column":8},"end":{"line":70,"column":14}},"20":{"start":{"line":76,"column":8},"end":{"line":76,"column":14}},"21":{"start":{"line":82,"column":4},"end":{"line":84,"column":9}},"22":{"start":{"line":83,"column":8},"end":{"line":83,"column":15}},"23":{"start":{"line":85,"column":4},"end":{"line":184,"column":5}},"24":{"start":{"line":92,"column":8},"end":{"line":94,"column":63}},"25":{"start":{"line":95,"column":8},"end":{"line":95,"column":14}},"26":{"start":{"line":102,"column":8},"end":{"line":111,"column":10},"skip":true},"27":{"start":{"line":109,"column":12},"end":{"line":109,"column":55},"skip":true},"28":{"start":{"line":110,"column":12},"end":{"line":110,"column":48},"skip":true},"29":{"start":{"line":113,"column":8},"end":{"line":126,"column":10},"skip":true},"30":{"start":{"line":120,"column":12},"end":{"line":120,"column":76},"skip":true},"31":{"start":{"line":121,"column":12},"end":{"line":121,"column":73},"skip":true},"32":{"start":{"line":122,"column":12},"end":{"line":122,"column":74},"skip":true},"33":{"start":{"line":123,"column":12},"end":{"line":123,"column":79},"skip":true},"34":{"start":{"line":124,"column":12},"end":{"line":124,"column":25},"skip":true},"35":{"start":{"line":125,"column":12},"end":{"line":125,"column":45},"skip":true},"36":{"start":{"line":128,"column":8},"end":{"line":135,"column":14},"skip":true},"37":{"start":{"line":133,"column":16},"end":{"line":133,"column":29},"skip":true},"38":{"start":{"line":134,"column":16},"end":{"line":134,"column":55},"skip":true},"39":{"start":{"line":137,"column":8},"end":{"line":146,"column":10},"skip":true},"40":{"start":{"line":144,"column":12},"end":{"line":144,"column":25},"skip":true},"41":{"start":{"line":145,"column":12},"end":{"line":145,"column":45},"skip":true},"42":{"start":{"line":148,"column":8},"end":{"line":157,"column":10},"skip":true},"43":{"start":{"line":155,"column":12},"end":{"line":155,"column":25},"skip":true},"44":{"start":{"line":156,"column":12},"end":{"line":156,"column":48},"skip":true},"45":{"start":{"line":159,"column":8},"end":{"line":168,"column":10},"skip":true},"46":{"start":{"line":166,"column":12},"end":{"line":166,"column":25},"skip":true},"47":{"start":{"line":167,"column":12},"end":{"line":167,"column":46},"skip":true},"48":{"start":{"line":170,"column":8},"end":{"line":179,"column":10},"skip":true},"49":{"start":{"line":177,"column":12},"end":{"line":177,"column":94},"skip":true},"50":{"start":{"line":178,"column":12},"end":{"line":178,"column":48},"skip":true},"51":{"start":{"line":182,"column":8},"end":{"line":182,"column":35},"skip":true},"52":{"start":{"line":183,"column":8},"end":{"line":183,"column":14},"skip":true}},"branchMap":{"1":{"line":25,"type":"binary-expr","locations":[{"start":{"line":25,"column":23},"end":{"line":25,"column":62}},{"start":{"line":26,"column":20},"end":{"line":26,"column":70}},{"start":{"line":27,"column":20},"end":{"line":27,"column":71}},{"start":{"line":28,"column":20},"end":{"line":28,"column":29}}]},"2":{"line":30,"type":"binary-expr","locations":[{"start":{"line":30,"column":23},"end":{"line":30,"column":37}},{"start":{"line":31,"column":20},"end":{"line":31,"column":61}},{"start":{"line":32,"column":20},"end":{"line":32,"column":70}},{"start":{"line":33,"column":20},"end":{"line":33,"column":26}}]},"3":{"line":37,"type":"cond-expr","locations":[{"start":{"line":38,"column":14},"end":{"line":38,"column":20}},{"start":{"line":39,"column":14},"end":{"line":39,"column":20}}]},"4":{"line":40,"type":"switch","locations":[{"start":{"line":42,"column":8},"end":{"line":47,"column":18}},{"start":{"line":49,"column":8},"end":{"line":52,"column":18}}]},"5":{"line":44,"type":"binary-expr","locations":[{"start":{"line":44,"column":16},"end":{"line":44,"column":44}},{"start":{"line":44,"column":48},"end":{"line":44,"column":66}}]},"6":{"line":50,"type":"binary-expr","locations":[{"start":{"line":50,"column":21},"end":{"line":50,"column":49}},{"start":{"line":50,"column":53},"end":{"line":50,"column":72}}]},"7":{"line":64,"type":"switch","locations":[{"start":{"line":69,"column":4},"end":{"line":70,"column":14}},{"start":{"line":75,"column":4},"end":{"line":76,"column":14}}]},"8":{"line":85,"type":"switch","locations":[{"start":{"line":90,"column":4},"end":{"line":95,"column":14}},{"start":{"line":101,"column":4},"end":{"line":183,"column":14},"skip":true}]},"9":{"line":92,"type":"binary-expr","locations":[{"start":{"line":92,"column":18},"end":{"line":92,"column":32}},{"start":{"line":93,"column":12},"end":{"line":93,"column":53}},{"start":{"line":94,"column":12},"end":{"line":94,"column":61}}]},"10":{"line":102,"type":"binary-expr","locations":[{"start":{"line":102,"column":45},"end":{"line":102,"column":79},"skip":true},{"start":{"line":102,"column":83},"end":{"line":111,"column":9},"skip":true}]},"11":{"line":113,"type":"binary-expr","locations":[{"start":{"line":113,"column":42},"end":{"line":113,"column":73},"skip":true},{"start":{"line":113,"column":77},"end":{"line":126,"column":9},"skip":true}]},"12":{"line":128,"type":"binary-expr","locations":[{"start":{"line":128,"column":48},"end":{"line":128,"column":85},"skip":true},{"start":{"line":129,"column":12},"end":{"line":135,"column":13},"skip":true}]},"13":{"line":137,"type":"binary-expr","locations":[{"start":{"line":137,"column":42},"end":{"line":137,"column":73},"skip":true},{"start":{"line":137,"column":77},"end":{"line":146,"column":9},"skip":true}]},"14":{"line":148,"type":"binary-expr","locations":[{"start":{"line":148,"column":45},"end":{"line":148,"column":79},"skip":true},{"start":{"line":148,"column":83},"end":{"line":157,"column":9},"skip":true}]},"15":{"line":159,"type":"binary-expr","locations":[{"start":{"line":159,"column":43},"end":{"line":159,"column":75},"skip":true},{"start":{"line":159,"column":79},"end":{"line":168,"column":9},"skip":true}]},"16":{"line":170,"type":"binary-expr","locations":[{"start":{"line":170,"column":41},"end":{"line":170,"column":71},"skip":true},{"start":{"line":170,"column":75},"end":{"line":179,"column":9},"skip":true}]}},"code":["/* istanbul instrument in package npmtest_nightwatch */","/*jslint","    bitwise: true,","    browser: true,","    maxerr: 8,","    maxlen: 96,","    node: true,","    nomen: true,","    regexp: true,","    stupid: true","*/","(function () {","    'use strict';","    var local;","","","","    // run shared js-env code - pre-init","    (function () {","        // init local","        local = {};","        // init modeJs","        local.modeJs = (function () {","            try {","                return typeof navigator.userAgent === 'string' &&","                    typeof document.querySelector('body') === 'object' &&","                    typeof XMLHttpRequest.prototype.open === 'function' &&","                    'browser';","            } catch (errorCaughtBrowser) {","                return module.exports &&","                    typeof process.versions.node === 'string' &&","                    typeof require('http').createServer === 'function' &&","                    'node';","            }","        }());","        // init global","        local.global = local.modeJs === 'browser'","            ? window","            : global;","        switch (local.modeJs) {","        // re-init local from window.local","        case 'browser':","            local = local.global.utility2.objectSetDefault(","                local.global.utility2_rollup || local.global.local,","                local.global.utility2","            );","            break;","        // re-init local from example.js","        case 'node':","            local = (local.global.utility2_rollup || require('utility2'))","                .requireExampleJsFromReadme();","            break;","        }","        // export local","        local.global.local = local;","    }());","","","","    // run shared js-env code - function","    (function () {","        return;","    }());","    switch (local.modeJs) {","","","","    // run browser js-env code - function","    case 'browser':","        break;","","","","    // run node js-env code - function","    case 'node':","        break;","    }","","","","    // run shared js-env code - post-init","    (function () {","        return;","    }());","    switch (local.modeJs) {","","","","    // run browser js-env code - post-init","    case 'browser':","        // run tests","        local.nop(local.modeTest &&","            document.querySelector('#testRunButton1') &&","            document.querySelector('#testRunButton1').click());","        break;","","","","    // run node js-env code - post-init","    /* istanbul ignore next */","    case 'node':","        local.testCase_buildApidoc_default = local.testCase_buildApidoc_default || function (","            options,","            onError","        ) {","        /*","         * this function will test buildApidoc's default handling-behavior-behavior","         */","            options = { modulePathList: module.paths };","            local.buildApidoc(options, onError);","        };","","        local.testCase_buildApp_default = local.testCase_buildApp_default || function (","            options,","            onError","        ) {","        /*","         * this function will test buildApp's default handling-behavior-behavior","         */","            local.testCase_buildReadme_default(options, local.onErrorThrow);","            local.testCase_buildLib_default(options, local.onErrorThrow);","            local.testCase_buildTest_default(options, local.onErrorThrow);","            local.testCase_buildCustomOrg_default(options, local.onErrorThrow);","            options = [];","            local.buildApp(options, onError);","        };","","        local.testCase_buildCustomOrg_default = local.testCase_buildCustomOrg_default ||","            function (options, onError) {","            /*","             * this function will test buildCustomOrg's default handling-behavior","             */","                options = {};","                local.buildCustomOrg(options, onError);","            };","","        local.testCase_buildLib_default = local.testCase_buildLib_default || function (","            options,","            onError","        ) {","        /*","         * this function will test buildLib's default handling-behavior","         */","            options = {};","            local.buildLib(options, onError);","        };","","        local.testCase_buildReadme_default = local.testCase_buildReadme_default || function (","            options,","            onError","        ) {","        /*","         * this function will test buildReadme's default handling-behavior-behavior","         */","            options = {};","            local.buildReadme(options, onError);","        };","","        local.testCase_buildTest_default = local.testCase_buildTest_default || function (","            options,","            onError","        ) {","        /*","         * this function will test buildTest's default handling-behavior","         */","            options = {};","            local.buildTest(options, onError);","        };","","        local.testCase_webpage_default = local.testCase_webpage_default || function (","            options,","            onError","        ) {","        /*","         * this function will test webpage's default handling-behavior","         */","            options = { modeCoverageMerge: true, url: local.serverLocalHost + '?modeTest=1' };","            local.browserTest(options, onError);","        };","","        // run test-server","        local.testRunServer(local);","        break;","    }","}());",""],"l":{"12":2,"14":2,"19":2,"21":2,"23":2,"24":2,"25":2,"30":1,"37":2,"40":2,"43":1,"47":1,"50":1,"52":1,"55":2,"61":2,"62":2,"64":2,"70":1,"76":1,"82":2,"83":2,"85":2,"92":1,"95":1,"102":1,"109":1,"110":1,"113":1,"120":1,"121":1,"122":1,"123":1,"124":1,"125":1,"128":1,"133":2,"134":2,"137":1,"144":2,"145":2,"148":1,"155":2,"156":2,"159":1,"166":2,"167":2,"170":1,"177":1,"178":1,"182":1,"183":1}},"/home/travis/build/npmtest/node-npmtest-nightwatch/lib.npmtest_nightwatch.js":{"path":"/home/travis/build/npmtest/node-npmtest-nightwatch/lib.npmtest_nightwatch.js","s":{"1":2,"2":2,"3":2,"4":2,"5":2,"6":2,"7":2,"8":1,"9":2,"10":2,"11":2,"12":2,"13":1,"14":1,"15":1,"16":1},"b":{"1":[2,1,1,1],"2":[1,1,1,1],"3":[1,1],"4":[2,2],"5":[1,1]},"f":{"1":2,"2":2,"3":2},"fnMap":{"1":{"name":"(anonymous_1)","line":12,"loc":{"start":{"line":12,"column":1},"end":{"line":12,"column":13}}},"2":{"name":"(anonymous_2)","line":19,"loc":{"start":{"line":19,"column":5},"end":{"line":19,"column":17}}},"3":{"name":"(anonymous_3)","line":23,"loc":{"start":{"line":23,"column":24},"end":{"line":23,"column":36}}}},"statementMap":{"1":{"start":{"line":12,"column":0},"end":{"line":53,"column":5}},"2":{"start":{"line":14,"column":4},"end":{"line":14,"column":14}},"3":{"start":{"line":19,"column":4},"end":{"line":52,"column":9}},"4":{"start":{"line":21,"column":8},"end":{"line":21,"column":19}},"5":{"start":{"line":23,"column":8},"end":{"line":35,"column":13}},"6":{"start":{"line":24,"column":12},"end":{"line":34,"column":13}},"7":{"start":{"line":25,"column":16},"end":{"line":28,"column":30}},"8":{"start":{"line":30,"column":16},"end":{"line":33,"column":27}},"9":{"start":{"line":37,"column":8},"end":{"line":39,"column":21}},"10":{"start":{"line":41,"column":8},"end":{"line":41,"column":54}},"11":{"start":{"line":43,"column":8},"end":{"line":43,"column":55}},"12":{"start":{"line":45,"column":8},"end":{"line":51,"column":9}},"13":{"start":{"line":46,"column":12},"end":{"line":46,"column":61}},"14":{"start":{"line":48,"column":12},"end":{"line":48,"column":35}},"15":{"start":{"line":49,"column":12},"end":{"line":49,"column":49}},"16":{"start":{"line":50,"column":12},"end":{"line":50,"column":43}}},"branchMap":{"1":{"line":25,"type":"binary-expr","locations":[{"start":{"line":25,"column":23},"end":{"line":25,"column":62}},{"start":{"line":26,"column":20},"end":{"line":26,"column":70}},{"start":{"line":27,"column":20},"end":{"line":27,"column":71}},{"start":{"line":28,"column":20},"end":{"line":28,"column":29}}]},"2":{"line":30,"type":"binary-expr","locations":[{"start":{"line":30,"column":23},"end":{"line":30,"column":37}},{"start":{"line":31,"column":20},"end":{"line":31,"column":61}},{"start":{"line":32,"column":20},"end":{"line":32,"column":70}},{"start":{"line":33,"column":20},"end":{"line":33,"column":26}}]},"3":{"line":37,"type":"cond-expr","locations":[{"start":{"line":38,"column":14},"end":{"line":38,"column":20}},{"start":{"line":39,"column":14},"end":{"line":39,"column":20}}]},"4":{"line":41,"type":"binary-expr","locations":[{"start":{"line":41,"column":16},"end":{"line":41,"column":44}},{"start":{"line":41,"column":48},"end":{"line":41,"column":53}}]},"5":{"line":45,"type":"if","locations":[{"start":{"line":45,"column":8},"end":{"line":45,"column":8}},{"start":{"line":45,"column":8},"end":{"line":45,"column":8}}]}},"code":["/* istanbul instrument in package npmtest_nightwatch */","/*jslint","    bitwise: true,","    browser: true,","    maxerr: 8,","    maxlen: 96,","    node: true,","    nomen: true,","    regexp: true,","    stupid: true","*/","(function () {","    'use strict';","    var local;","","","","    // run shared js-env code - pre-init","    (function () {","        // init local","        local = {};","        // init modeJs","        local.modeJs = (function () {","            try {","                return typeof navigator.userAgent === 'string' &&","                    typeof document.querySelector('body') === 'object' &&","                    typeof XMLHttpRequest.prototype.open === 'function' &&","                    'browser';","            } catch (errorCaughtBrowser) {","                return module.exports &&","                    typeof process.versions.node === 'string' &&","                    typeof require('http').createServer === 'function' &&","                    'node';","            }","        }());","        // init global","        local.global = local.modeJs === 'browser'","            ? window","            : global;","        // init utility2_rollup","        local = local.global.utility2_rollup || local;","        // init lib","        local.local = local.npmtest_nightwatch = local;","        // init exports","        if (local.modeJs === 'browser') {","            local.global.utility2_npmtest_nightwatch = local;","        } else {","            module.exports = local;","            module.exports.__dirname = __dirname;","            module.exports.module = module;","        }","    }());","}());",""],"l":{"12":2,"14":2,"19":2,"21":2,"23":2,"24":2,"25":2,"30":1,"37":2,"41":2,"43":2,"45":2,"46":1,"48":1,"49":1,"50":1}},"/home/travis/build/npmtest/node-npmtest-nightwatch/example.js":{"path":"/home/travis/build/npmtest/node-npmtest-nightwatch/example.js","s":{"1":2,"2":2,"3":2,"4":2,"5":2,"6":2,"7":2,"8":1,"9":2,"10":2,"11":2,"12":2,"13":1,"14":2,"15":2,"16":2,"17":2,"18":2,"19":0,"20":2,"21":1,"22":1,"23":1,"24":1,"25":1,"26":0,"27":0,"28":1,"29":1,"30":2,"31":0,"32":0,"33":0,"34":1,"35":2,"36":2,"37":2,"38":2,"39":2,"40":2,"41":0,"42":2,"43":2,"44":2,"45":1,"46":3,"47":1,"48":1,"49":1,"50":1,"51":1,"52":1,"53":1,"54":1,"55":1,"56":1,"57":0,"58":1,"59":6,"60":6,"61":1,"62":2,"63":0,"64":2,"65":1,"66":1,"67":0,"68":0,"69":0,"70":0,"71":0,"72":0,"73":0,"74":0,"75":0,"76":0,"77":0,"78":0,"79":0,"80":0,"81":0,"82":0,"83":0},"b":{"1":[2,1,1,1],"2":[1,1,1,1],"3":[1,1],"4":[2,2],"5":[1,1],"6":[1,1],"7":[2,0],"8":[2,1,1,1,1,1],"9":[0,2,0],"10":[1,1],"11":[2,1,1],"12":[1,0],"13":[0,2],"14":[2,0,0,0,0,0,0],"15":[0,2],"16":[2,0],"17":[1,1],"18":[0,1],"19":[1,2,0,2],"20":[1,0],"21":[1,1],"22":[0,0],"23":[0,0],"24":[0,0],"25":[0,0],"26":[0,0],"27":[0,0],"28":[0,0]},"f":{"1":2,"2":2,"3":2,"4":2,"5":2,"6":2,"7":2,"8":2,"9":3,"10":1,"11":6,"12":0},"fnMap":{"1":{"name":"(anonymous_1)","line":26,"loc":{"start":{"line":26,"column":1},"end":{"line":26,"column":13}}},"2":{"name":"(anonymous_2)","line":33,"loc":{"start":{"line":33,"column":5},"end":{"line":33,"column":17}}},"3":{"name":"(anonymous_3)","line":37,"loc":{"start":{"line":37,"column":24},"end":{"line":37,"column":36}}},"4":{"name":"(anonymous_4)","line":69,"loc":{"start":{"line":69,"column":31},"end":{"line":69,"column":48}},"skip":true},"5":{"name":"(anonymous_5)","line":78,"loc":{"start":{"line":78,"column":26},"end":{"line":78,"column":45}},"skip":true},"6":{"name":"(anonymous_6)","line":123,"loc":{"start":{"line":123,"column":33},"end":{"line":123,"column":48}},"skip":true},"7":{"name":"(anonymous_7)","line":125,"loc":{"start":{"line":125,"column":27},"end":{"line":125,"column":39}},"skip":true},"8":{"name":"(anonymous_8)","line":133,"loc":{"start":{"line":133,"column":59},"end":{"line":133,"column":74}},"skip":true},"9":{"name":"(anonymous_9)","line":143,"loc":{"start":{"line":143,"column":45},"end":{"line":143,"column":62}},"skip":true},"10":{"name":"(anonymous_10)","line":144,"loc":{"start":{"line":144,"column":73},"end":{"line":144,"column":92}},"skip":true},"11":{"name":"(anonymous_11)","line":272,"loc":{"start":{"line":272,"column":51},"end":{"line":272,"column":77}},"skip":true},"12":{"name":"(anonymous_12)","line":314,"loc":{"start":{"line":314,"column":32},"end":{"line":314,"column":61}},"skip":true}},"statementMap":{"1":{"start":{"line":26,"column":0},"end":{"line":325,"column":5}},"2":{"start":{"line":28,"column":4},"end":{"line":28,"column":14}},"3":{"start":{"line":33,"column":4},"end":{"line":60,"column":9}},"4":{"start":{"line":35,"column":8},"end":{"line":35,"column":19}},"5":{"start":{"line":37,"column":8},"end":{"line":49,"column":13}},"6":{"start":{"line":38,"column":12},"end":{"line":48,"column":13}},"7":{"start":{"line":39,"column":16},"end":{"line":42,"column":30}},"8":{"start":{"line":44,"column":16},"end":{"line":47,"column":27}},"9":{"start":{"line":51,"column":8},"end":{"line":53,"column":21}},"10":{"start":{"line":55,"column":8},"end":{"line":57,"column":45}},"11":{"start":{"line":59,"column":8},"end":{"line":59,"column":35}},"12":{"start":{"line":61,"column":4},"end":{"line":324,"column":5}},"13":{"start":{"line":69,"column":8},"end":{"line":121,"column":10},"skip":true},"14":{"start":{"line":70,"column":12},"end":{"line":88,"column":13},"skip":true},"15":{"start":{"line":76,"column":16},"end":{"line":87,"column":19},"skip":true},"16":{"start":{"line":79,"column":20},"end":{"line":86,"column":21},"skip":true},"17":{"start":{"line":82,"column":24},"end":{"line":82,"column":43},"skip":true},"18":{"start":{"line":83,"column":24},"end":{"line":83,"column":30},"skip":true},"19":{"start":{"line":85,"column":24},"end":{"line":85,"column":49},"skip":true},"20":{"start":{"line":89,"column":12},"end":{"line":107,"column":13},"skip":true},"21":{"start":{"line":92,"column":16},"end":{"line":102,"column":17},"skip":true},"22":{"start":{"line":93,"column":20},"end":{"line":93,"column":86},"skip":true},"23":{"start":{"line":94,"column":20},"end":{"line":95,"column":45},"skip":true},"24":{"start":{"line":96,"column":20},"end":{"line":96,"column":42},"skip":true},"25":{"start":{"line":97,"column":20},"end":{"line":97,"column":48},"skip":true},"26":{"start":{"line":100,"column":20},"end":{"line":100,"column":85},"skip":true},"27":{"start":{"line":101,"column":20},"end":{"line":101,"column":96},"skip":true},"28":{"start":{"line":103,"column":16},"end":{"line":103,"column":22},"skip":true},"29":{"start":{"line":106,"column":16},"end":{"line":106,"column":22},"skip":true},"30":{"start":{"line":108,"column":12},"end":{"line":120,"column":13},"skip":true},"31":{"start":{"line":114,"column":16},"end":{"line":119,"column":17},"skip":true},"32":{"start":{"line":116,"column":20},"end":{"line":116,"column":78},"skip":true},"33":{"start":{"line":118,"column":20},"end":{"line":118,"column":47},"skip":true},"34":{"start":{"line":123,"column":8},"end":{"line":141,"column":11},"skip":true},"35":{"start":{"line":124,"column":12},"end":{"line":124,"column":54},"skip":true},"36":{"start":{"line":125,"column":12},"end":{"line":140,"column":14},"skip":true},"37":{"start":{"line":126,"column":16},"end":{"line":126,"column":28},"skip":true},"38":{"start":{"line":127,"column":16},"end":{"line":127,"column":69},"skip":true},"39":{"start":{"line":128,"column":16},"end":{"line":128,"column":75},"skip":true},"40":{"start":{"line":129,"column":16},"end":{"line":131,"column":17},"skip":true},"41":{"start":{"line":130,"column":20},"end":{"line":130,"column":27},"skip":true},"42":{"start":{"line":133,"column":16},"end":{"line":137,"column":36},"skip":true},"43":{"start":{"line":134,"column":20},"end":{"line":136,"column":55},"skip":true},"44":{"start":{"line":139,"column":16},"end":{"line":139,"column":57},"skip":true},"45":{"start":{"line":143,"column":8},"end":{"line":147,"column":11},"skip":true},"46":{"start":{"line":144,"column":12},"end":{"line":146,"column":15},"skip":true},"47":{"start":{"line":145,"column":16},"end":{"line":145,"column":70},"skip":true},"48":{"start":{"line":149,"column":8},"end":{"line":149,"column":31},"skip":true},"49":{"start":{"line":150,"column":8},"end":{"line":150,"column":14},"skip":true},"50":{"start":{"line":158,"column":8},"end":{"line":158,"column":31},"skip":true},"51":{"start":{"line":160,"column":8},"end":{"line":160,"column":33},"skip":true},"52":{"start":{"line":161,"column":8},"end":{"line":161,"column":37},"skip":true},"53":{"start":{"line":162,"column":8},"end":{"line":162,"column":35},"skip":true},"54":{"start":{"line":164,"column":8},"end":{"line":164,"column":50},"skip":true},"55":{"start":{"line":166,"column":8},"end":{"line":256,"column":2},"skip":true},"56":{"start":{"line":258,"column":8},"end":{"line":286,"column":9},"skip":true},"57":{"start":{"line":259,"column":12},"end":{"line":269,"column":14},"skip":true},"58":{"start":{"line":271,"column":12},"end":{"line":285,"column":19},"skip":true},"59":{"start":{"line":274,"column":20},"end":{"line":274,"column":35},"skip":true},"60":{"start":{"line":275,"column":20},"end":{"line":284,"column":21},"skip":true},"61":{"start":{"line":277,"column":24},"end":{"line":277,"column":64},"skip":true},"62":{"start":{"line":279,"column":24},"end":{"line":279,"column":40},"skip":true},"63":{"start":{"line":281,"column":24},"end":{"line":281,"column":40},"skip":true},"64":{"start":{"line":283,"column":24},"end":{"line":283,"column":39},"skip":true},"65":{"start":{"line":288,"column":8},"end":{"line":290,"column":9},"skip":true},"66":{"start":{"line":289,"column":12},"end":{"line":289,"column":18},"skip":true},"67":{"start":{"line":291,"column":8},"end":{"line":293,"column":54},"skip":true},"68":{"start":{"line":294,"column":8},"end":{"line":301,"column":37},"skip":true},"69":{"start":{"line":302,"column":8},"end":{"line":302,"column":82},"skip":true},"70":{"start":{"line":305,"column":8},"end":{"line":307,"column":9},"skip":true},"71":{"start":{"line":306,"column":12},"end":{"line":306,"column":82},"skip":true},"72":{"start":{"line":309,"column":8},"end":{"line":311,"column":9},"skip":true},"73":{"start":{"line":310,"column":12},"end":{"line":310,"column":18},"skip":true},"74":{"start":{"line":312,"column":8},"end":{"line":312,"column":54},"skip":true},"75":{"start":{"line":313,"column":8},"end":{"line":313,"column":69},"skip":true},"76":{"start":{"line":314,"column":8},"end":{"line":322,"column":36},"skip":true},"77":{"start":{"line":315,"column":12},"end":{"line":315,"column":61},"skip":true},"78":{"start":{"line":316,"column":12},"end":{"line":319,"column":13},"skip":true},"79":{"start":{"line":317,"column":16},"end":{"line":317,"column":75},"skip":true},"80":{"start":{"line":318,"column":16},"end":{"line":318,"column":23},"skip":true},"81":{"start":{"line":320,"column":12},"end":{"line":320,"column":38},"skip":true},"82":{"start":{"line":321,"column":12},"end":{"line":321,"column":27},"skip":true},"83":{"start":{"line":323,"column":8},"end":{"line":323,"column":14},"skip":true}},"branchMap":{"1":{"line":39,"type":"binary-expr","locations":[{"start":{"line":39,"column":23},"end":{"line":39,"column":62}},{"start":{"line":40,"column":20},"end":{"line":40,"column":70}},{"start":{"line":41,"column":20},"end":{"line":41,"column":71}},{"start":{"line":42,"column":20},"end":{"line":42,"column":29}}]},"2":{"line":44,"type":"binary-expr","locations":[{"start":{"line":44,"column":23},"end":{"line":44,"column":37}},{"start":{"line":45,"column":20},"end":{"line":45,"column":61}},{"start":{"line":46,"column":20},"end":{"line":46,"column":70}},{"start":{"line":47,"column":20},"end":{"line":47,"column":26}}]},"3":{"line":51,"type":"cond-expr","locations":[{"start":{"line":52,"column":14},"end":{"line":52,"column":20}},{"start":{"line":53,"column":14},"end":{"line":53,"column":20}}]},"4":{"line":55,"type":"binary-expr","locations":[{"start":{"line":55,"column":16},"end":{"line":55,"column":44}},{"start":{"line":55,"column":49},"end":{"line":57,"column":43}}]},"5":{"line":55,"type":"cond-expr","locations":[{"start":{"line":56,"column":14},"end":{"line":56,"column":54}},{"start":{"line":57,"column":14},"end":{"line":57,"column":43}}]},"6":{"line":61,"type":"switch","locations":[{"start":{"line":68,"column":4},"end":{"line":150,"column":14},"skip":true},{"start":{"line":156,"column":4},"end":{"line":323,"column":14},"skip":true}]},"7":{"line":70,"type":"if","locations":[{"start":{"line":70,"column":12},"end":{"line":70,"column":12},"skip":true},{"start":{"line":70,"column":12},"end":{"line":70,"column":12},"skip":true}]},"8":{"line":70,"type":"binary-expr","locations":[{"start":{"line":70,"column":16},"end":{"line":70,"column":22},"skip":true},{"start":{"line":70,"column":27},"end":{"line":70,"column":32},"skip":true},{"start":{"line":71,"column":20},"end":{"line":71,"column":39},"skip":true},{"start":{"line":72,"column":20},"end":{"line":72,"column":49},"skip":true},{"start":{"line":73,"column":20},"end":{"line":73,"column":58},"skip":true},{"start":{"line":74,"column":20},"end":{"line":74,"column":69},"skip":true}]},"9":{"line":79,"type":"switch","locations":[{"start":{"line":80,"column":20},"end":{"line":80,"column":33},"skip":true},{"start":{"line":81,"column":20},"end":{"line":83,"column":30},"skip":true},{"start":{"line":84,"column":20},"end":{"line":85,"column":49},"skip":true}]},"10":{"line":89,"type":"switch","locations":[{"start":{"line":90,"column":12},"end":{"line":103,"column":22},"skip":true},{"start":{"line":105,"column":12},"end":{"line":106,"column":22},"skip":true}]},"11":{"line":89,"type":"binary-expr","locations":[{"start":{"line":89,"column":20},"end":{"line":89,"column":25},"skip":true},{"start":{"line":89,"column":29},"end":{"line":89,"column":48},"skip":true},{"start":{"line":89,"column":52},"end":{"line":89,"column":74},"skip":true}]},"12":{"line":92,"type":"if","locations":[{"start":{"line":92,"column":16},"end":{"line":92,"column":16},"skip":true},{"start":{"line":92,"column":16},"end":{"line":92,"column":16},"skip":true}]},"13":{"line":108,"type":"if","locations":[{"start":{"line":108,"column":12},"end":{"line":108,"column":12},"skip":true},{"start":{"line":108,"column":12},"end":{"line":108,"column":12},"skip":true}]},"14":{"line":108,"type":"binary-expr","locations":[{"start":{"line":108,"column":16},"end":{"line":108,"column":61},"skip":true},{"start":{"line":108,"column":66},"end":{"line":108,"column":72},"skip":true},{"start":{"line":108,"column":77},"end":{"line":108,"column":82},"skip":true},{"start":{"line":109,"column":20},"end":{"line":109,"column":39},"skip":true},{"start":{"line":110,"column":20},"end":{"line":110,"column":49},"skip":true},{"start":{"line":111,"column":20},"end":{"line":111,"column":58},"skip":true},{"start":{"line":112,"column":20},"end":{"line":112,"column":68},"skip":true}]},"15":{"line":129,"type":"if","locations":[{"start":{"line":129,"column":16},"end":{"line":129,"column":16},"skip":true},{"start":{"line":129,"column":16},"end":{"line":129,"column":16},"skip":true}]},"16":{"line":134,"type":"cond-expr","locations":[{"start":{"line":135,"column":26},"end":{"line":135,"column":29},"skip":true},{"start":{"line":136,"column":26},"end":{"line":136,"column":54},"skip":true}]},"17":{"line":164,"type":"binary-expr","locations":[{"start":{"line":164,"column":27},"end":{"line":164,"column":43},"skip":true},{"start":{"line":164,"column":47},"end":{"line":164,"column":49},"skip":true}]},"18":{"line":258,"type":"if","locations":[{"start":{"line":258,"column":8},"end":{"line":258,"column":8},"skip":true},{"start":{"line":258,"column":8},"end":{"line":258,"column":8},"skip":true}]},"19":{"line":275,"type":"switch","locations":[{"start":{"line":276,"column":20},"end":{"line":277,"column":64},"skip":true},{"start":{"line":278,"column":20},"end":{"line":279,"column":40},"skip":true},{"start":{"line":280,"column":20},"end":{"line":281,"column":40},"skip":true},{"start":{"line":282,"column":20},"end":{"line":283,"column":39},"skip":true}]},"20":{"line":288,"type":"if","locations":[{"start":{"line":288,"column":8},"end":{"line":288,"column":8},"skip":true},{"start":{"line":288,"column":8},"end":{"line":288,"column":8},"skip":true}]},"21":{"line":288,"type":"binary-expr","locations":[{"start":{"line":288,"column":12},"end":{"line":288,"column":40},"skip":true},{"start":{"line":288,"column":44},"end":{"line":288,"column":67},"skip":true}]},"22":{"line":292,"type":"binary-expr","locations":[{"start":{"line":292,"column":12},"end":{"line":292,"column":50},"skip":true},{"start":{"line":293,"column":12},"end":{"line":293,"column":53},"skip":true}]},"23":{"line":295,"type":"binary-expr","locations":[{"start":{"line":295,"column":12},"end":{"line":295,"column":68},"skip":true},{"start":{"line":296,"column":12},"end":{"line":301,"column":36},"skip":true}]},"24":{"line":302,"type":"binary-expr","locations":[{"start":{"line":302,"column":43},"end":{"line":302,"column":75},"skip":true},{"start":{"line":302,"column":79},"end":{"line":302,"column":81},"skip":true}]},"25":{"line":305,"type":"if","locations":[{"start":{"line":305,"column":8},"end":{"line":305,"column":8},"skip":true},{"start":{"line":305,"column":8},"end":{"line":305,"column":8},"skip":true}]},"26":{"line":309,"type":"if","locations":[{"start":{"line":309,"column":8},"end":{"line":309,"column":8},"skip":true},{"start":{"line":309,"column":8},"end":{"line":309,"column":8},"skip":true}]},"27":{"line":312,"type":"binary-expr","locations":[{"start":{"line":312,"column":27},"end":{"line":312,"column":43},"skip":true},{"start":{"line":312,"column":47},"end":{"line":312,"column":53},"skip":true}]},"28":{"line":316,"type":"if","locations":[{"start":{"line":316,"column":12},"end":{"line":316,"column":12},"skip":true},{"start":{"line":316,"column":12},"end":{"line":316,"column":12},"skip":true}]}},"code":["/*","example.js","","quickstart example","","instruction","    1. save this script as example.js","    2. run the shell command:","        $ npm install npmtest-nightwatch && PORT=8081 node example.js","    3. play with the browser-demo on http://127.0.0.1:8081","*/","","","","/* istanbul instrument in package npmtest_nightwatch */","/*jslint","    bitwise: true,","    browser: true,","    maxerr: 8,","    maxlen: 96,","    node: true,","    nomen: true,","    regexp: true,","    stupid: true","*/","(function () {","    'use strict';","    var local;","","","","    // run shared js-env code - pre-init","    (function () {","        // init local","        local = {};","        // init modeJs","        local.modeJs = (function () {","            try {","                return typeof navigator.userAgent === 'string' &&","                    typeof document.querySelector('body') === 'object' &&","                    typeof XMLHttpRequest.prototype.open === 'function' &&","                    'browser';","            } catch (errorCaughtBrowser) {","                return module.exports &&","                    typeof process.versions.node === 'string' &&","                    typeof require('http').createServer === 'function' &&","                    'node';","            }","        }());","        // init global","        local.global = local.modeJs === 'browser'","            ? window","            : global;","        // init utility2_rollup","        local = local.global.utility2_rollup || (local.modeJs === 'browser'","            ? local.global.utility2_npmtest_nightwatch","            : global.utility2_moduleExports);","        // export local","        local.global.local = local;","    }());","    switch (local.modeJs) {","","","","    // post-init","    // run browser js-env code - post-init","    /* istanbul ignore next */","    case 'browser':","        local.testRunBrowser = function (event) {","            if (!event || (event &&","                    event.currentTarget &&","                    event.currentTarget.className &&","                    event.currentTarget.className.includes &&","                    event.currentTarget.className.includes('onreset'))) {","                // reset output","                Array.from(","                    document.querySelectorAll('body > .resettable')","                ).forEach(function (element) {","                    switch (element.tagName) {","                    case 'INPUT':","                    case 'TEXTAREA':","                        element.value = '';","                        break;","                    default:","                        element.textContent = '';","                    }","                });","            }","            switch (event && event.currentTarget && event.currentTarget.id) {","            case 'testRunButton1':","                // show tests","                if (document.querySelector('#testReportDiv1').style.display === 'none') {","                    document.querySelector('#testReportDiv1').style.display = 'block';","                    document.querySelector('#testRunButton1').textContent =","                        'hide internal test';","                    local.modeTest = true;","                    local.testRunDefault(local);","                // hide tests","                } else {","                    document.querySelector('#testReportDiv1').style.display = 'none';","                    document.querySelector('#testRunButton1').textContent = 'run internal test';","                }","                break;","            // custom-case","            default:","                break;","            }","            if (document.querySelector('#inputTextareaEval1') && (!event || (event &&","                    event.currentTarget &&","                    event.currentTarget.className &&","                    event.currentTarget.className.includes &&","                    event.currentTarget.className.includes('oneval')))) {","                // try to eval input-code","                try {","                    /*jslint evil: true*/","                    eval(document.querySelector('#inputTextareaEval1').value);","                } catch (errorCaught) {","                    console.error(errorCaught);","                }","            }","        };","        // log stderr and stdout to #outputTextareaStdout1","        ['error', 'log'].forEach(function (key) {","            console[key + '_original'] = console[key];","            console[key] = function () {","                var element;","                console[key + '_original'].apply(console, arguments);","                element = document.querySelector('#outputTextareaStdout1');","                if (!element) {","                    return;","                }","                // append text to #outputTextareaStdout1","                element.value += Array.from(arguments).map(function (arg) {","                    return typeof arg === 'string'","                        ? arg","                        : JSON.stringify(arg, null, 4);","                }).join(' ') + '\\n';","                // scroll textarea to bottom","                element.scrollTop = element.scrollHeight;","            };","        });","        // init event-handling","        ['change', 'click', 'keyup'].forEach(function (event) {","            Array.from(document.querySelectorAll('.on' + event)).forEach(function (element) {","                element.addEventListener(event, local.testRunBrowser);","            });","        });","        // run tests","        local.testRunBrowser();","        break;","","","","    // run node js-env code - post-init","    /* istanbul ignore next */","    case 'node':","        // export local","        module.exports = local;","        // require modules","        local.fs = require('fs');","        local.http = require('http');","        local.url = require('url');","        // init assets","        local.assetsDict = local.assetsDict || {};","        /* jslint-ignore-begin */","        local.assetsDict['/assets.index.template.html'] = '\\","<!doctype html>\\n\\","<html lang=\"en\">\\n\\","<head>\\n\\","<meta charset=\"UTF-8\">\\n\\","<meta name=\"viewport\" content=\"width=device-width, initial-scale=1\">\\n\\","<title>{{env.npm_package_name}} (v{{env.npm_package_version}})</title>\\n\\","<style>\\n\\","/*csslint\\n\\","    box-sizing: false,\\n\\","    universal-selector: false\\n\\","*/\\n\\","* {\\n\\","    box-sizing: border-box;\\n\\","}\\n\\","body {\\n\\","    background: #dde;\\n\\","    font-family: Arial, Helvetica, sans-serif;\\n\\","    margin: 2rem;\\n\\","}\\n\\","body > * {\\n\\","    margin-bottom: 1rem;\\n\\","}\\n\\",".utility2FooterDiv {\\n\\","    margin-top: 20px;\\n\\","    text-align: center;\\n\\","}\\n\\","</style>\\n\\","<style>\\n\\","/*csslint\\n\\","*/\\n\\","textarea {\\n\\","    font-family: monospace;\\n\\","    height: 10rem;\\n\\","    width: 100%;\\n\\","}\\n\\","textarea[readonly] {\\n\\","    background: #ddd;\\n\\","}\\n\\","</style>\\n\\","</head>\\n\\","<body>\\n\\","<!-- utility2-comment\\n\\","<div id=\"ajaxProgressDiv1\" style=\"background: #d00; height: 2px; left: 0; margin: 0; padding: 0; position: fixed; top: 0; transition: background 0.5s, width 1.5s; width: 25%;\"></div>\\n\\","utility2-comment -->\\n\\","<h1>\\n\\","<!-- utility2-comment\\n\\","    <a\\n\\","        {{#if env.npm_package_homepage}}\\n\\","        href=\"{{env.npm_package_homepage}}\"\\n\\","        {{/if env.npm_package_homepage}}\\n\\","        target=\"_blank\"\\n\\","    >\\n\\","utility2-comment -->\\n\\","        {{env.npm_package_name}} (v{{env.npm_package_version}})\\n\\","<!-- utility2-comment\\n\\","    </a>\\n\\","utility2-comment -->\\n\\","</h1>\\n\\","<h3>{{env.npm_package_description}}</h3>\\n\\","<!-- utility2-comment\\n\\","<h4><a download href=\"assets.app.js\">download standalone app</a></h4>\\n\\","<button class=\"onclick onreset\" id=\"testRunButton1\">run internal test</button><br>\\n\\","<div id=\"testReportDiv1\" style=\"display: none;\"></div>\\n\\","utility2-comment -->\\n\\","\\n\\","\\n\\","\\n\\","<label>stderr and stdout</label>\\n\\","<textarea class=\"resettable\" id=\"outputTextareaStdout1\" readonly></textarea>\\n\\","<!-- utility2-comment\\n\\","{{#if isRollup}}\\n\\","<script src=\"assets.app.js\"></script>\\n\\","{{#unless isRollup}}\\n\\","utility2-comment -->\\n\\","<script src=\"assets.utility2.rollup.js\"></script>\\n\\","<script src=\"jsonp.utility2._stateInit?callback=window.utility2._stateInit\"></script>\\n\\","<script src=\"assets.npmtest_nightwatch.rollup.js\"></script>\\n\\","<script src=\"assets.example.js\"></script>\\n\\","<script src=\"assets.test.js\"></script>\\n\\","<!-- utility2-comment\\n\\","{{/if isRollup}}\\n\\","utility2-comment -->\\n\\","<div class=\"utility2FooterDiv\">\\n\\","    [ this app was created with\\n\\","    <a href=\"https://github.com/kaizhu256/node-utility2\" target=\"_blank\">utility2</a>\\n\\","    ]\\n\\","</div>\\n\\","</body>\\n\\","</html>\\n\\","';","        /* jslint-ignore-end */","        if (local.templateRender) {","            local.assetsDict['/'] = local.templateRender(","                local.assetsDict['/assets.index.template.html'],","                {","                    env: local.objectSetDefault(local.env, {","                        npm_package_description: 'the greatest app in the world!',","                        npm_package_name: 'my-app',","                        npm_package_nameAlias: 'my_app',","                        npm_package_version: '0.0.1'","                    })","                }","            );","        } else {","            local.assetsDict['/'] = local.assetsDict['/assets.index.template.html']","                .replace((/\\{\\{env\\.(\\w+?)\\}\\}/g), function (match0, match1) {","                    // jslint-hack","                    String(match0);","                    switch (match1) {","                    case 'npm_package_description':","                        return 'the greatest app in the world!';","                    case 'npm_package_name':","                        return 'my-app';","                    case 'npm_package_nameAlias':","                        return 'my_app';","                    case 'npm_package_version':","                        return '0.0.1';","                    }","                });","        }","        // run the cli","        if (local.global.utility2_rollup || module !== require.main) {","            break;","        }","        local.assetsDict['/assets.example.js'] =","            local.assetsDict['/assets.example.js'] ||","            local.fs.readFileSync(__filename, 'utf8');","        local.assetsDict['/assets.npmtest_nightwatch.rollup.js'] =","            local.assetsDict['/assets.npmtest_nightwatch.rollup.js'] ||","            local.fs.readFileSync(","                // buildCustomOrg-hack","                local.npmtest_nightwatch.__dirname +","                    '/lib.npmtest_nightwatch.js',","                'utf8'","            ).replace((/^#!/), '//');","        local.assetsDict['/favicon.ico'] = local.assetsDict['/favicon.ico'] || '';","        // if $npm_config_timeout_exit exists,","        // then exit this process after $npm_config_timeout_exit ms","        if (Number(process.env.npm_config_timeout_exit)) {","            setTimeout(process.exit, Number(process.env.npm_config_timeout_exit));","        }","        // start server","        if (local.global.utility2_serverHttp1) {","            break;","        }","        process.env.PORT = process.env.PORT || '8081';","        console.error('server starting on port ' + process.env.PORT);","        local.http.createServer(function (request, response) {","            request.urlParsed = local.url.parse(request.url);","            if (local.assetsDict[request.urlParsed.pathname] !== undefined) {","                response.end(local.assetsDict[request.urlParsed.pathname]);","                return;","            }","            response.statusCode = 404;","            response.end();","        }).listen(process.env.PORT);","        break;","    }","}());",""],"l":{"26":2,"28":2,"33":2,"35":2,"37":2,"38":2,"39":2,"44":1,"51":2,"55":2,"59":2,"61":2,"69":1,"70":2,"76":2,"79":2,"82":2,"83":2,"85":1,"89":2,"92":1,"93":1,"94":1,"96":1,"97":1,"100":1,"101":1,"103":1,"106":1,"108":2,"114":1,"116":1,"118":1,"123":1,"124":2,"125":2,"126":2,"127":2,"128":2,"129":2,"130":1,"133":2,"134":2,"139":2,"143":1,"144":3,"145":1,"149":1,"150":1,"158":1,"160":1,"161":1,"162":1,"164":1,"166":1,"258":1,"259":1,"271":1,"274":6,"275":6,"277":1,"279":2,"281":1,"283":2,"288":1,"289":1,"291":1,"294":1,"302":1,"305":1,"306":1,"309":1,"310":1,"312":1,"313":1,"314":1,"315":1,"316":1,"317":1,"318":1,"320":1,"321":1,"323":1}},"/home/travis/build/npmtest/node-npmtest-nightwatch/node_modules/nightwatch/lib/index.js":{"path":"/home/travis/build/npmtest/node-npmtest-nightwatch/node_modules/nightwatch/lib/index.js","s":{"1":1,"2":1,"3":1,"4":1,"5":1,"6":1,"7":1,"8":1,"9":1,"10":1,"11":0,"12":0,"13":0,"14":0,"15":0,"16":0,"17":0,"18":0,"19":0,"20":0,"21":0,"22":0,"23":0,"24":0,"25":1,"26":1,"27":1,"28":1,"29":0,"30":0,"31":0,"32":0,"33":0,"34":0,"35":0,"36":0,"37":0,"38":0,"39":0,"40":0,"41":0,"42":0,"43":0,"44":0,"45":0,"46":0,"47":0,"48":0,"49":0,"50":0,"51":0,"52":0,"53":0,"54":0,"55":0,"56":0,"57":0,"58":0,"59":0,"60":0,"61":0,"62":0,"63":0,"64":0,"65":0,"66":0,"67":0,"68":0,"69":0,"70":0,"71":0,"72":0,"73":0,"74":0,"75":0,"76":0,"77":0,"78":0,"79":0,"80":0,"81":0,"82":1,"83":0,"84":0,"85":0,"86":0,"87":1,"88":0,"89":0,"90":0,"91":0,"92":0,"93":0,"94":0,"95":0,"96":0,"97":1,"98":0,"99":0,"100":1,"101":0,"102":0,"103":1,"104":0,"105":0,"106":0,"107":0,"108":0,"109":0,"110":0,"111":0,"112":0,"113":0,"114":0,"115":0,"116":0,"117":0,"118":0,"119":0,"120":0,"121":0,"122":0,"123":1,"124":0,"125":0,"126":0,"127":0,"128":0,"129":1,"130":0,"131":0,"132":1,"133":0,"134":0,"135":0,"136":0,"137":0,"138":0,"139":0,"140":0,"141":1,"142":0,"143":1,"144":0,"145":0,"146":0,"147":1,"148":0,"149":0,"150":0,"151":0,"152":0,"153":0,"154":0,"155":0,"156":0,"157":0,"158":0,"159":0,"160":1,"161":0,"162":0,"163":0,"164":0,"165":0,"166":0,"167":0,"168":0,"169":0,"170":0,"171":0,"172":1,"173":0,"174":0,"175":0,"176":0,"177":0,"178":0,"179":1,"180":0,"181":0,"182":0,"183":0,"184":0,"185":0,"186":0,"187":0,"188":0,"189":0,"190":0,"191":0,"192":0,"193":1,"194":0,"195":0,"196":0,"197":0,"198":0,"199":0,"200":0,"201":0,"202":0,"203":0,"204":0,"205":0,"206":0,"207":0,"208":0,"209":0,"210":0,"211":0,"212":0,"213":0,"214":0,"215":0,"216":0,"217":1,"218":0,"219":0,"220":0,"221":0,"222":0,"223":0,"224":0,"225":0,"226":1,"227":0,"228":0,"229":0,"230":0,"231":0,"232":0,"233":0,"234":0,"235":0,"236":0,"237":0,"238":0,"239":0,"240":0,"241":0,"242":0,"243":0,"244":1,"245":0,"246":0,"247":0,"248":0,"249":0,"250":1,"251":0,"252":0,"253":0,"254":0,"255":0,"256":0,"257":0,"258":0,"259":0,"260":0,"261":0,"262":0,"263":0,"264":0,"265":0,"266":0,"267":0,"268":0,"269":0,"270":0,"271":0,"272":0,"273":0,"274":1,"275":0,"276":0,"277":0,"278":0,"279":0,"280":0,"281":0,"282":1,"283":1,"284":0,"285":1,"286":0,"287":0,"288":0,"289":0,"290":0,"291":0,"292":0,"293":0,"294":0,"295":0,"296":0,"297":1,"298":0,"299":0,"300":1,"301":0,"302":0,"303":0,"304":0,"305":0,"306":0,"307":0,"308":0,"309":0,"310":0,"311":0,"312":0,"313":0,"314":0,"315":0,"316":1,"317":0,"318":0,"319":1,"320":0,"321":0,"322":0},"b":{"1":[0,0,0,0],"2":[0,0],"3":[0,0],"4":[0,0,0],"5":[0,0],"6":[0,0,0],"7":[0,0,0],"8":[0,0],"9":[0,0],"10":[0,0],"11":[0,0],"12":[0,0],"13":[0,0,0],"14":[0,0],"15":[0,0],"16":[0,0],"17":[0,0],"18":[0,0],"19":[0,0],"20":[0,0],"21":[0,0],"22":[0,0],"23":[0,0],"24":[0,0],"25":[0,0],"26":[0,0,0],"27":[0,0],"28":[0,0],"29":[0,0],"30":[0,0],"31":[0,0],"32":[0,0],"33":[0,0],"34":[0,0],"35":[0,0],"36":[0,0],"37":[0,0],"38":[0,0],"39":[0,0],"40":[0,0],"41":[0,0],"42":[0,0],"43":[0,0],"44":[0,0],"45":[0,0],"46":[0,0],"47":[0,0],"48":[0,0],"49":[0,0],"50":[0,0],"51":[0,0],"52":[0,0],"53":[0,0],"54":[0,0],"55":[0,0],"56":[0,0],"57":[0,0],"58":[0,0],"59":[0,0],"60":[0,0],"61":[0,0],"62":[0,0],"63":[0,0],"64":[0,0],"65":[0,0],"66":[0,0],"67":[0,0],"68":[0,0],"69":[0,0],"70":[0,0],"71":[0,0],"72":[0,0],"73":[0,0],"74":[0,0],"75":[0,0],"76":[0,0],"77":[0,0,0],"78":[0,0,0],"79":[0,0,0],"80":[0,0],"81":[0,0],"82":[0,0],"83":[0,0],"84":[0,0],"85":[0,0],"86":[0,0],"87":[0,0],"88":[0,0],"89":[0,0],"90":[0,0],"91":[0,0],"92":[0,0],"93":[0,0],"94":[0,0],"95":[0,0],"96":[0,0],"97":[0,0],"98":[0,0],"99":[0,0],"100":[0,0]},"f":{"1":0,"2":0,"3":0,"4":0,"5":0,"6":0,"7":0,"8":0,"9":0,"10":0,"11":0,"12":0,"13":0,"14":0,"15":0,"16":0,"17":0,"18":0,"19":0,"20":0,"21":0,"22":0,"23":0,"24":0,"25":0,"26":0,"27":0,"28":0,"29":0,"30":0,"31":0,"32":0,"33":0,"34":0,"35":0,"36":0,"37":0,"38":0,"39":0,"40":0,"41":0,"42":0,"43":0},"fnMap":{"1":{"name":"Nightwatch","line":14,"loc":{"start":{"line":14,"column":0},"end":{"line":14,"column":29}}},"2":{"name":"(anonymous_2)","line":60,"loc":{"start":{"line":60,"column":34},"end":{"line":60,"column":52}}},"3":{"name":"(anonymous_3)","line":159,"loc":{"start":{"line":159,"column":40},"end":{"line":159,"column":56}}},"4":{"name":"(anonymous_4)","line":168,"loc":{"start":{"line":168,"column":39},"end":{"line":168,"column":50}}},"5":{"name":"(anonymous_5)","line":185,"loc":{"start":{"line":185,"column":41},"end":{"line":185,"column":53}}},"6":{"name":"(anonymous_6)","line":190,"loc":{"start":{"line":190,"column":36},"end":{"line":190,"column":47}}},"7":{"name":"(anonymous_7)","line":195,"loc":{"start":{"line":195,"column":29},"end":{"line":195,"column":40}}},"8":{"name":"(anonymous_8)","line":206,"loc":{"start":{"line":206,"column":17},"end":{"line":206,"column":33}}},"9":{"name":"(anonymous_9)","line":231,"loc":{"start":{"line":231,"column":33},"end":{"line":231,"column":52}}},"10":{"name":"(anonymous_10)","line":244,"loc":{"start":{"line":244,"column":39},"end":{"line":244,"column":50}}},"11":{"name":"(anonymous_11)","line":249,"loc":{"start":{"line":249,"column":40},"end":{"line":249,"column":51}}},"12":{"name":"(anonymous_12)","line":254,"loc":{"start":{"line":254,"column":17},"end":{"line":254,"column":28}}},"13":{"name":"(anonymous_13)","line":268,"loc":{"start":{"line":268,"column":32},"end":{"line":268,"column":43}}},"14":{"name":"(anonymous_14)","line":272,"loc":{"start":{"line":272,"column":32},"end":{"line":272,"column":43}}},"15":{"name":"(anonymous_15)","line":280,"loc":{"start":{"line":280,"column":41},"end":{"line":280,"column":52}}},"16":{"name":"(anonymous_16)","line":299,"loc":{"start":{"line":299,"column":54},"end":{"line":299,"column":71}}},"17":{"name":"(anonymous_17)","line":304,"loc":{"start":{"line":304,"column":35},"end":{"line":304,"column":57}}},"18":{"name":"(anonymous_18)","line":325,"loc":{"start":{"line":325,"column":35},"end":{"line":325,"column":46}}},"19":{"name":"(anonymous_19)","line":334,"loc":{"start":{"line":334,"column":39},"end":{"line":334,"column":53}}},"20":{"name":"(anonymous_20)","line":356,"loc":{"start":{"line":356,"column":41},"end":{"line":356,"column":76}}},"21":{"name":"(anonymous_21)","line":360,"loc":{"start":{"line":360,"column":18},"end":{"line":360,"column":35}}},"22":{"name":"(anonymous_22)","line":378,"loc":{"start":{"line":378,"column":19},"end":{"line":378,"column":46}}},"23":{"name":"(anonymous_23)","line":384,"loc":{"start":{"line":384,"column":17},"end":{"line":384,"column":63}}},"24":{"name":"(anonymous_24)","line":399,"loc":{"start":{"line":399,"column":32},"end":{"line":399,"column":62}}},"25":{"name":"(anonymous_25)","line":415,"loc":{"start":{"line":415,"column":44},"end":{"line":415,"column":76}}},"26":{"name":"(anonymous_26)","line":419,"loc":{"start":{"line":419,"column":13},"end":{"line":419,"column":24}}},"27":{"name":"(anonymous_27)","line":422,"loc":{"start":{"line":422,"column":13},"end":{"line":422,"column":27}}},"28":{"name":"(anonymous_28)","line":431,"loc":{"start":{"line":431,"column":14},"end":{"line":431,"column":28}}},"29":{"name":"(anonymous_29)","line":435,"loc":{"start":{"line":435,"column":48},"end":{"line":435,"column":62}}},"30":{"name":"(anonymous_30)","line":446,"loc":{"start":{"line":446,"column":39},"end":{"line":446,"column":56}}},"31":{"name":"(anonymous_31)","line":461,"loc":{"start":{"line":461,"column":36},"end":{"line":461,"column":48}}},"32":{"name":"(anonymous_32)","line":474,"loc":{"start":{"line":474,"column":24},"end":{"line":474,"column":61}}},"33":{"name":"(anonymous_33)","line":488,"loc":{"start":{"line":488,"column":15},"end":{"line":488,"column":35}}},"34":{"name":"(anonymous_34)","line":508,"loc":{"start":{"line":508,"column":38},"end":{"line":508,"column":67}}},"35":{"name":"(anonymous_35)","line":527,"loc":{"start":{"line":527,"column":17},"end":{"line":527,"column":35}}},"36":{"name":"(anonymous_36)","line":531,"loc":{"start":{"line":531,"column":14},"end":{"line":531,"column":33}}},"37":{"name":"(anonymous_37)","line":549,"loc":{"start":{"line":549,"column":17},"end":{"line":549,"column":48}}},"38":{"name":"(anonymous_38)","line":554,"loc":{"start":{"line":554,"column":20},"end":{"line":554,"column":36}}},"39":{"name":"(anonymous_39)","line":555,"loc":{"start":{"line":555,"column":59},"end":{"line":555,"column":70}}},"40":{"name":"(anonymous_40)","line":561,"loc":{"start":{"line":561,"column":16},"end":{"line":561,"column":28}}},"41":{"name":"(anonymous_41)","line":562,"loc":{"start":{"line":562,"column":32},"end":{"line":562,"column":46}}},"42":{"name":"(anonymous_42)","line":582,"loc":{"start":{"line":582,"column":20},"end":{"line":582,"column":35}}},"43":{"name":"(anonymous_43)","line":587,"loc":{"start":{"line":587,"column":21},"end":{"line":587,"column":36}}}},"statementMap":{"1":{"start":{"line":4,"column":0},"end":{"line":4,"column":27}},"2":{"start":{"line":5,"column":0},"end":{"line":5,"column":27}},"3":{"start":{"line":6,"column":0},"end":{"line":6,"column":31}},"4":{"start":{"line":7,"column":0},"end":{"line":7,"column":47}},"5":{"start":{"line":8,"column":0},"end":{"line":8,"column":46}},"6":{"start":{"line":9,"column":0},"end":{"line":9,"column":47}},"7":{"start":{"line":10,"column":0},"end":{"line":10,"column":41}},"8":{"start":{"line":11,"column":0},"end":{"line":11,"column":35}},"9":{"start":{"line":12,"column":0},"end":{"line":12,"column":39}},"10":{"start":{"line":14,"column":0},"end":{"line":47,"column":1}},"11":{"start":{"line":15,"column":2},"end":{"line":15,"column":33}},"12":{"start":{"line":17,"column":2},"end":{"line":21,"column":4}},"13":{"start":{"line":23,"column":2},"end":{"line":23,"column":26}},"14":{"start":{"line":24,"column":2},"end":{"line":24,"column":24}},"15":{"start":{"line":25,"column":2},"end":{"line":25,"column":22}},"16":{"start":{"line":26,"column":2},"end":{"line":26,"column":26}},"17":{"start":{"line":28,"column":2},"end":{"line":30,"column":22}},"18":{"start":{"line":32,"column":2},"end":{"line":32,"column":19}},"19":{"start":{"line":33,"column":2},"end":{"line":39,"column":4}},"20":{"start":{"line":41,"column":2},"end":{"line":41,"column":23}},"21":{"start":{"line":42,"column":2},"end":{"line":42,"column":24}},"22":{"start":{"line":44,"column":2},"end":{"line":44,"column":28}},"23":{"start":{"line":45,"column":2},"end":{"line":45,"column":21}},"24":{"start":{"line":46,"column":2},"end":{"line":46,"column":21}},"25":{"start":{"line":49,"column":0},"end":{"line":54,"column":2}},"26":{"start":{"line":56,"column":0},"end":{"line":56,"column":47}},"27":{"start":{"line":58,"column":0},"end":{"line":58,"column":50}},"28":{"start":{"line":60,"column":0},"end":{"line":157,"column":2}},"29":{"start":{"line":61,"column":2},"end":{"line":61,"column":20}},"30":{"start":{"line":62,"column":2},"end":{"line":62,"column":24}},"31":{"start":{"line":63,"column":2},"end":{"line":67,"column":3}},"32":{"start":{"line":64,"column":4},"end":{"line":66,"column":5}},"33":{"start":{"line":65,"column":6},"end":{"line":65,"column":49}},"34":{"start":{"line":69,"column":2},"end":{"line":69,"column":81}},"35":{"start":{"line":71,"column":2},"end":{"line":71,"column":43}},"36":{"start":{"line":73,"column":2},"end":{"line":77,"column":3}},"37":{"start":{"line":74,"column":4},"end":{"line":76,"column":5}},"38":{"start":{"line":75,"column":6},"end":{"line":75,"column":68}},"39":{"start":{"line":79,"column":2},"end":{"line":79,"column":45}},"40":{"start":{"line":80,"column":2},"end":{"line":80,"column":71}},"41":{"start":{"line":82,"column":2},"end":{"line":82,"column":52}},"42":{"start":{"line":83,"column":2},"end":{"line":95,"column":3}},"43":{"start":{"line":84,"column":4},"end":{"line":86,"column":5}},"44":{"start":{"line":85,"column":6},"end":{"line":85,"column":81}},"45":{"start":{"line":87,"column":4},"end":{"line":88,"column":64}},"46":{"start":{"line":89,"column":4},"end":{"line":89,"column":83}},"47":{"start":{"line":91,"column":4},"end":{"line":94,"column":6}},"48":{"start":{"line":97,"column":2},"end":{"line":97,"column":27}},"49":{"start":{"line":99,"column":2},"end":{"line":103,"column":3}},"50":{"start":{"line":100,"column":4},"end":{"line":100,"column":21}},"51":{"start":{"line":102,"column":4},"end":{"line":102,"column":20}},"52":{"start":{"line":105,"column":2},"end":{"line":105,"column":112}},"53":{"start":{"line":107,"column":2},"end":{"line":108,"column":94}},"54":{"start":{"line":110,"column":2},"end":{"line":111,"column":61}},"55":{"start":{"line":112,"column":2},"end":{"line":112,"column":81}},"56":{"start":{"line":113,"column":2},"end":{"line":113,"column":81}},"57":{"start":{"line":114,"column":2},"end":{"line":114,"column":69}},"58":{"start":{"line":115,"column":2},"end":{"line":115,"column":44}},"59":{"start":{"line":116,"column":2},"end":{"line":116,"column":68}},"60":{"start":{"line":118,"column":2},"end":{"line":120,"column":3}},"61":{"start":{"line":119,"column":4},"end":{"line":119,"column":46}},"62":{"start":{"line":121,"column":2},"end":{"line":123,"column":3}},"63":{"start":{"line":122,"column":4},"end":{"line":122,"column":46}},"64":{"start":{"line":124,"column":2},"end":{"line":126,"column":3}},"65":{"start":{"line":125,"column":4},"end":{"line":125,"column":29}},"66":{"start":{"line":127,"column":2},"end":{"line":129,"column":3}},"67":{"start":{"line":128,"column":4},"end":{"line":128,"column":32}},"68":{"start":{"line":130,"column":2},"end":{"line":132,"column":3}},"69":{"start":{"line":131,"column":4},"end":{"line":131,"column":51}},"70":{"start":{"line":133,"column":2},"end":{"line":135,"column":3}},"71":{"start":{"line":134,"column":4},"end":{"line":134,"column":64}},"72":{"start":{"line":137,"column":2},"end":{"line":139,"column":3}},"73":{"start":{"line":138,"column":4},"end":{"line":138,"column":71}},"74":{"start":{"line":141,"column":2},"end":{"line":141,"column":39}},"75":{"start":{"line":142,"column":2},"end":{"line":142,"column":86}},"76":{"start":{"line":144,"column":2},"end":{"line":152,"column":3}},"77":{"start":{"line":145,"column":4},"end":{"line":145,"column":41}},"78":{"start":{"line":146,"column":4},"end":{"line":146,"column":37}},"79":{"start":{"line":148,"column":4},"end":{"line":151,"column":7}},"80":{"start":{"line":154,"column":2},"end":{"line":154,"column":116}},"81":{"start":{"line":156,"column":2},"end":{"line":156,"column":14}},"82":{"start":{"line":159,"column":0},"end":{"line":166,"column":2}},"83":{"start":{"line":160,"column":2},"end":{"line":162,"column":3}},"84":{"start":{"line":161,"column":4},"end":{"line":161,"column":44}},"85":{"start":{"line":164,"column":2},"end":{"line":164,"column":43}},"86":{"start":{"line":165,"column":2},"end":{"line":165,"column":14}},"87":{"start":{"line":168,"column":0},"end":{"line":183,"column":2}},"88":{"start":{"line":169,"column":2},"end":{"line":169,"column":32}},"89":{"start":{"line":170,"column":2},"end":{"line":172,"column":3}},"90":{"start":{"line":171,"column":4},"end":{"line":171,"column":87}},"91":{"start":{"line":174,"column":2},"end":{"line":180,"column":3}},"92":{"start":{"line":175,"column":4},"end":{"line":179,"column":5}},"93":{"start":{"line":176,"column":6},"end":{"line":178,"column":7}},"94":{"start":{"line":177,"column":8},"end":{"line":177,"column":80}},"95":{"start":{"line":181,"column":2},"end":{"line":181,"column":66}},"96":{"start":{"line":182,"column":2},"end":{"line":182,"column":14}},"97":{"start":{"line":185,"column":0},"end":{"line":188,"column":2}},"98":{"start":{"line":186,"column":2},"end":{"line":186,"column":74}},"99":{"start":{"line":187,"column":2},"end":{"line":187,"column":14}},"100":{"start":{"line":190,"column":0},"end":{"line":193,"column":2}},"101":{"start":{"line":191,"column":2},"end":{"line":191,"column":46}},"102":{"start":{"line":192,"column":2},"end":{"line":192,"column":14}},"103":{"start":{"line":195,"column":0},"end":{"line":229,"column":2}},"104":{"start":{"line":196,"column":2},"end":{"line":201,"column":3}},"105":{"start":{"line":197,"column":4},"end":{"line":199,"column":22}},"106":{"start":{"line":200,"column":4},"end":{"line":200,"column":16}},"107":{"start":{"line":203,"column":2},"end":{"line":203,"column":18}},"108":{"start":{"line":205,"column":2},"end":{"line":205,"column":21}},"109":{"start":{"line":206,"column":2},"end":{"line":226,"column":5}},"110":{"start":{"line":207,"column":4},"end":{"line":223,"column":5}},"111":{"start":{"line":208,"column":6},"end":{"line":208,"column":26}},"112":{"start":{"line":209,"column":6},"end":{"line":211,"column":7}},"113":{"start":{"line":210,"column":8},"end":{"line":210,"column":65}},"114":{"start":{"line":213,"column":6},"end":{"line":213,"column":28}},"115":{"start":{"line":214,"column":6},"end":{"line":214,"column":78}},"116":{"start":{"line":215,"column":6},"end":{"line":217,"column":7}},"117":{"start":{"line":216,"column":8},"end":{"line":216,"column":94}},"118":{"start":{"line":219,"column":6},"end":{"line":221,"column":7}},"119":{"start":{"line":220,"column":8},"end":{"line":220,"column":25}},"120":{"start":{"line":222,"column":6},"end":{"line":222,"column":13}},"121":{"start":{"line":225,"column":4},"end":{"line":225,"column":20}},"122":{"start":{"line":228,"column":2},"end":{"line":228,"column":14}},"123":{"start":{"line":231,"column":0},"end":{"line":242,"column":2}},"124":{"start":{"line":234,"column":2},"end":{"line":238,"column":3}},"125":{"start":{"line":235,"column":4},"end":{"line":235,"column":82}},"126":{"start":{"line":237,"column":4},"end":{"line":237,"column":28}},"127":{"start":{"line":240,"column":2},"end":{"line":240,"column":25}},"128":{"start":{"line":241,"column":2},"end":{"line":241,"column":14}},"129":{"start":{"line":244,"column":0},"end":{"line":247,"column":2}},"130":{"start":{"line":245,"column":2},"end":{"line":245,"column":26}},"131":{"start":{"line":246,"column":2},"end":{"line":246,"column":14}},"132":{"start":{"line":249,"column":0},"end":{"line":266,"column":2}},"133":{"start":{"line":250,"column":2},"end":{"line":250,"column":21}},"134":{"start":{"line":251,"column":2},"end":{"line":251,"column":21}},"135":{"start":{"line":253,"column":2},"end":{"line":264,"column":3}},"136":{"start":{"line":254,"column":4},"end":{"line":256,"column":18}},"137":{"start":{"line":255,"column":6},"end":{"line":255,"column":22}},"138":{"start":{"line":261,"column":4},"end":{"line":261,"column":21}},"139":{"start":{"line":263,"column":4},"end":{"line":263,"column":20}},"140":{"start":{"line":265,"column":2},"end":{"line":265,"column":14}},"141":{"start":{"line":268,"column":0},"end":{"line":270,"column":2}},"142":{"start":{"line":269,"column":2},"end":{"line":269,"column":31}},"143":{"start":{"line":272,"column":0},"end":{"line":278,"column":2}},"144":{"start":{"line":273,"column":2},"end":{"line":273,"column":26}},"145":{"start":{"line":275,"column":2},"end":{"line":275,"column":62}},"146":{"start":{"line":277,"column":2},"end":{"line":277,"column":14}},"147":{"start":{"line":280,"column":0},"end":{"line":302,"column":2}},"148":{"start":{"line":281,"column":2},"end":{"line":281,"column":18}},"149":{"start":{"line":283,"column":2},"end":{"line":283,"column":23}},"150":{"start":{"line":284,"column":2},"end":{"line":287,"column":3}},"151":{"start":{"line":285,"column":4},"end":{"line":286,"column":28}},"152":{"start":{"line":288,"column":2},"end":{"line":290,"column":3}},"153":{"start":{"line":289,"column":4},"end":{"line":289,"column":73}},"154":{"start":{"line":291,"column":2},"end":{"line":293,"column":3}},"155":{"start":{"line":292,"column":4},"end":{"line":292,"column":75}},"156":{"start":{"line":295,"column":2},"end":{"line":297,"column":3}},"157":{"start":{"line":296,"column":4},"end":{"line":296,"column":76}},"158":{"start":{"line":299,"column":2},"end":{"line":301,"column":5}},"159":{"start":{"line":300,"column":4},"end":{"line":300,"column":24}},"160":{"start":{"line":304,"column":0},"end":{"line":323,"column":2}},"161":{"start":{"line":305,"column":2},"end":{"line":322,"column":3}},"162":{"start":{"line":306,"column":4},"end":{"line":306,"column":19}},"163":{"start":{"line":307,"column":4},"end":{"line":309,"column":5}},"164":{"start":{"line":308,"column":6},"end":{"line":308,"column":16}},"165":{"start":{"line":311,"column":4},"end":{"line":321,"column":5}},"166":{"start":{"line":312,"column":6},"end":{"line":313,"column":127}},"167":{"start":{"line":314,"column":11},"end":{"line":321,"column":5}},"168":{"start":{"line":315,"column":6},"end":{"line":317,"column":7}},"169":{"start":{"line":316,"column":8},"end":{"line":316,"column":63}},"170":{"start":{"line":319,"column":6},"end":{"line":319,"column":49}},"171":{"start":{"line":320,"column":6},"end":{"line":320,"column":126}},"172":{"start":{"line":325,"column":0},"end":{"line":332,"column":2}},"173":{"start":{"line":326,"column":2},"end":{"line":326,"column":25}},"174":{"start":{"line":327,"column":2},"end":{"line":327,"column":26}},"175":{"start":{"line":328,"column":2},"end":{"line":328,"column":26}},"176":{"start":{"line":329,"column":2},"end":{"line":329,"column":26}},"177":{"start":{"line":330,"column":2},"end":{"line":330,"column":27}},"178":{"start":{"line":331,"column":2},"end":{"line":331,"column":32}},"179":{"start":{"line":334,"column":0},"end":{"line":354,"column":2}},"180":{"start":{"line":335,"column":2},"end":{"line":335,"column":36}},"181":{"start":{"line":336,"column":2},"end":{"line":336,"column":34}},"182":{"start":{"line":337,"column":2},"end":{"line":337,"column":71}},"183":{"start":{"line":338,"column":2},"end":{"line":340,"column":3}},"184":{"start":{"line":339,"column":4},"end":{"line":339,"column":159}},"185":{"start":{"line":342,"column":2},"end":{"line":344,"column":3}},"186":{"start":{"line":343,"column":4},"end":{"line":343,"column":55}},"187":{"start":{"line":346,"column":2},"end":{"line":353,"column":3}},"188":{"start":{"line":347,"column":4},"end":{"line":347,"column":26}},"189":{"start":{"line":348,"column":4},"end":{"line":348,"column":100}},"190":{"start":{"line":349,"column":4},"end":{"line":349,"column":47}},"191":{"start":{"line":351,"column":4},"end":{"line":351,"column":49}},"192":{"start":{"line":352,"column":4},"end":{"line":352,"column":21}},"193":{"start":{"line":356,"column":0},"end":{"line":397,"column":2}},"194":{"start":{"line":357,"column":2},"end":{"line":357,"column":18}},"195":{"start":{"line":359,"column":2},"end":{"line":394,"column":7}},"196":{"start":{"line":361,"column":6},"end":{"line":367,"column":7}},"197":{"start":{"line":362,"column":8},"end":{"line":362,"column":124}},"198":{"start":{"line":363,"column":8},"end":{"line":363,"column":38}},"199":{"start":{"line":364,"column":8},"end":{"line":364,"column":30}},"200":{"start":{"line":366,"column":8},"end":{"line":366,"column":40}},"201":{"start":{"line":369,"column":6},"end":{"line":374,"column":7}},"202":{"start":{"line":370,"column":8},"end":{"line":370,"column":71}},"203":{"start":{"line":371,"column":8},"end":{"line":371,"column":58}},"204":{"start":{"line":372,"column":8},"end":{"line":372,"column":61}},"205":{"start":{"line":373,"column":8},"end":{"line":373,"column":41}},"206":{"start":{"line":376,"column":6},"end":{"line":376,"column":31}},"207":{"start":{"line":379,"column":6},"end":{"line":381,"column":7}},"208":{"start":{"line":380,"column":8},"end":{"line":380,"column":46}},"209":{"start":{"line":382,"column":6},"end":{"line":382,"column":47}},"210":{"start":{"line":385,"column":6},"end":{"line":385,"column":44}},"211":{"start":{"line":387,"column":6},"end":{"line":391,"column":7}},"212":{"start":{"line":388,"column":8},"end":{"line":388,"column":114}},"213":{"start":{"line":389,"column":8},"end":{"line":389,"column":67}},"214":{"start":{"line":390,"column":8},"end":{"line":390,"column":49}},"215":{"start":{"line":393,"column":6},"end":{"line":393,"column":47}},"216":{"start":{"line":396,"column":2},"end":{"line":396,"column":17}},"217":{"start":{"line":399,"column":0},"end":{"line":413,"column":2}},"218":{"start":{"line":400,"column":2},"end":{"line":400,"column":18}},"219":{"start":{"line":401,"column":2},"end":{"line":405,"column":3}},"220":{"start":{"line":402,"column":4},"end":{"line":402,"column":118}},"221":{"start":{"line":404,"column":4},"end":{"line":404,"column":26}},"222":{"start":{"line":407,"column":2},"end":{"line":407,"column":77}},"223":{"start":{"line":408,"column":2},"end":{"line":408,"column":24}},"224":{"start":{"line":409,"column":2},"end":{"line":411,"column":3}},"225":{"start":{"line":410,"column":4},"end":{"line":410,"column":50}},"226":{"start":{"line":415,"column":0},"end":{"line":444,"column":2}},"227":{"start":{"line":416,"column":2},"end":{"line":416,"column":33}},"228":{"start":{"line":417,"column":2},"end":{"line":417,"column":25}},"229":{"start":{"line":418,"column":2},"end":{"line":418,"column":18}},"230":{"start":{"line":419,"column":2},"end":{"line":419,"column":27}},"231":{"start":{"line":421,"column":2},"end":{"line":421,"column":41}},"232":{"start":{"line":422,"column":2},"end":{"line":429,"column":4}},"233":{"start":{"line":423,"column":4},"end":{"line":425,"column":5}},"234":{"start":{"line":424,"column":6},"end":{"line":424,"column":83}},"235":{"start":{"line":427,"column":4},"end":{"line":427,"column":21}},"236":{"start":{"line":428,"column":4},"end":{"line":428,"column":12}},"237":{"start":{"line":431,"column":2},"end":{"line":443,"column":5}},"238":{"start":{"line":432,"column":4},"end":{"line":442,"column":5}},"239":{"start":{"line":433,"column":6},"end":{"line":433,"column":16}},"240":{"start":{"line":435,"column":6},"end":{"line":441,"column":9}},"241":{"start":{"line":436,"column":8},"end":{"line":440,"column":9}},"242":{"start":{"line":437,"column":10},"end":{"line":437,"column":20}},"243":{"start":{"line":439,"column":10},"end":{"line":439,"column":29}},"244":{"start":{"line":446,"column":0},"end":{"line":459,"column":2}},"245":{"start":{"line":447,"column":2},"end":{"line":447,"column":24}},"246":{"start":{"line":448,"column":2},"end":{"line":451,"column":3}},"247":{"start":{"line":449,"column":4},"end":{"line":449,"column":50}},"248":{"start":{"line":450,"column":4},"end":{"line":450,"column":88}},"249":{"start":{"line":453,"column":2},"end":{"line":458,"column":4}},"250":{"start":{"line":461,"column":0},"end":{"line":506,"column":2}},"251":{"start":{"line":462,"column":2},"end":{"line":464,"column":3}},"252":{"start":{"line":463,"column":4},"end":{"line":463,"column":16}},"253":{"start":{"line":465,"column":2},"end":{"line":465,"column":18}},"254":{"start":{"line":466,"column":2},"end":{"line":471,"column":4}},"255":{"start":{"line":473,"column":2},"end":{"line":473,"column":41}},"256":{"start":{"line":474,"column":2},"end":{"line":503,"column":10}},"257":{"start":{"line":475,"column":4},"end":{"line":486,"column":5}},"258":{"start":{"line":476,"column":6},"end":{"line":476,"column":59}},"259":{"start":{"line":477,"column":6},"end":{"line":479,"column":7}},"260":{"start":{"line":478,"column":8},"end":{"line":478,"column":43}},"261":{"start":{"line":480,"column":6},"end":{"line":480,"column":65}},"262":{"start":{"line":481,"column":6},"end":{"line":481,"column":78}},"263":{"start":{"line":482,"column":11},"end":{"line":486,"column":5}},"264":{"start":{"line":483,"column":6},"end":{"line":483,"column":45}},"265":{"start":{"line":485,"column":6},"end":{"line":485,"column":40}},"266":{"start":{"line":489,"column":4},"end":{"line":491,"column":5}},"267":{"start":{"line":490,"column":6},"end":{"line":490,"column":111}},"268":{"start":{"line":493,"column":4},"end":{"line":495,"column":5}},"269":{"start":{"line":494,"column":6},"end":{"line":494,"column":16}},"270":{"start":{"line":497,"column":4},"end":{"line":499,"column":5}},"271":{"start":{"line":498,"column":6},"end":{"line":498,"column":17}},"272":{"start":{"line":501,"column":4},"end":{"line":501,"column":29}},"273":{"start":{"line":505,"column":2},"end":{"line":505,"column":14}},"274":{"start":{"line":508,"column":0},"end":{"line":523,"column":2}},"275":{"start":{"line":509,"column":2},"end":{"line":512,"column":3}},"276":{"start":{"line":510,"column":4},"end":{"line":510,"column":35}},"277":{"start":{"line":511,"column":4},"end":{"line":511,"column":16}},"278":{"start":{"line":513,"column":2},"end":{"line":513,"column":27}},"279":{"start":{"line":514,"column":2},"end":{"line":514,"column":54}},"280":{"start":{"line":515,"column":2},"end":{"line":520,"column":12}},"281":{"start":{"line":522,"column":2},"end":{"line":522,"column":14}},"282":{"start":{"line":525,"column":0},"end":{"line":525,"column":30}},"283":{"start":{"line":527,"column":0},"end":{"line":529,"column":2}},"284":{"start":{"line":528,"column":2},"end":{"line":528,"column":33}},"285":{"start":{"line":531,"column":0},"end":{"line":547,"column":2}},"286":{"start":{"line":532,"column":2},"end":{"line":532,"column":43}},"287":{"start":{"line":533,"column":2},"end":{"line":533,"column":14}},"288":{"start":{"line":535,"column":2},"end":{"line":535,"column":24}},"289":{"start":{"line":536,"column":2},"end":{"line":546,"column":3}},"290":{"start":{"line":537,"column":4},"end":{"line":537,"column":19}},"291":{"start":{"line":538,"column":9},"end":{"line":546,"column":3}},"292":{"start":{"line":539,"column":4},"end":{"line":539,"column":64}},"293":{"start":{"line":540,"column":4},"end":{"line":540,"column":67}},"294":{"start":{"line":542,"column":4},"end":{"line":544,"column":5}},"295":{"start":{"line":543,"column":6},"end":{"line":543,"column":67}},"296":{"start":{"line":545,"column":4},"end":{"line":545,"column":19}},"297":{"start":{"line":549,"column":0},"end":{"line":552,"column":2}},"298":{"start":{"line":550,"column":2},"end":{"line":550,"column":39}},"299":{"start":{"line":551,"column":2},"end":{"line":551,"column":53}},"300":{"start":{"line":554,"column":0},"end":{"line":580,"column":2}},"301":{"start":{"line":555,"column":2},"end":{"line":579,"column":5}},"302":{"start":{"line":556,"column":4},"end":{"line":556,"column":28}},"303":{"start":{"line":557,"column":4},"end":{"line":557,"column":33}},"304":{"start":{"line":558,"column":4},"end":{"line":558,"column":51}},"305":{"start":{"line":559,"column":4},"end":{"line":559,"column":43}},"306":{"start":{"line":561,"column":4},"end":{"line":578,"column":7}},"307":{"start":{"line":562,"column":6},"end":{"line":567,"column":9}},"308":{"start":{"line":563,"column":8},"end":{"line":565,"column":9}},"309":{"start":{"line":564,"column":10},"end":{"line":564,"column":17}},"310":{"start":{"line":566,"column":8},"end":{"line":566,"column":27}},"311":{"start":{"line":569,"column":6},"end":{"line":571,"column":7}},"312":{"start":{"line":570,"column":8},"end":{"line
[...]
"loc":{"start":{"line":68,"column":2},"end":{"line":68,"column":79}}},"6":{"name":"(anonymous_6)","line":69,"loc":{"start":{"line":69,"column":11},"end":{"line":69,"column":22}}},"7":{"name":"callbackWrapper","line":103,"loc":{"start":{"line":103,"column":32},"end":{"line":103,"column":59}}},"8":{"name":"isElementCommand","line":130,"loc":{"start":{"line":130,"column":2},"end":{"line":130,"column":34}}},"9":{"name":"findCallbackIndex","line":140,"loc":{"start":{"line":140,"column":2},"end":{"line":140,"column":35}}},"10":{"name":"getAncestorsWithElement","line":172,"loc":{"start":{"line":172,"column":2},"end":{"line":172,"column":44}}},"11":{"name":"addElement","line":174,"loc":{"start":{"line":174,"column":4},"end":{"line":174,"column":27}}},"12":{"name":"applyCommandsToTarget","line":192,"loc":{"start":{"line":192,"column":2},"end":{"line":192,"column":59}}},"13":{"name":"(anonymous_13)","line":194,"loc":{"start":{"line":194,"column":34},"end":{"line":194,"column":56}}},"14":{"name":"(anonymous_14)","line":201,"loc":{"start":{"line":201,"column":40},"end":{"line":201,"column":64}}},"15":{"name":"addCommand","line":210,"loc":{"start":{"line":210,"column":2},"end":{"line":210,"column":79}}},"16":{"name":"isValidAssertion","line":221,"loc":{"start":{"line":221,"column":2},"end":{"line":221,"column":41}}},"17":{"name":"(anonymous_17)","line":232,"loc":{"start":{"line":232,"column":28},"end":{"line":232,"column":61}}}},"statementMap":{"1":{"start":{"line":1,"column":0},"end":{"line":238,"column":5}},"2":{"start":{"line":10,"column":2},"end":{"line":17,"column":3}},"3":{"start":{"line":11,"column":4},"end":{"line":11,"column":43}},"4":{"start":{"line":12,"column":4},"end":{"line":15,"column":5}},"5":{"start":{"line":13,"column":6},"end":{"line":14,"column":66}},"6":{"start":{"line":16,"column":4},"end":{"line":16,"column":40}},"7":{"start":{"line":26,"column":2},"end":{"line":33,"column":3}},"8":{"start":{"line":27,"column":4},"end":{"line":27,"column":43}},"9":{"start":{"line":28,"column":4},"end":{"line":31,"column":5}},"10":{"start":{"line":29,"column":6},"end":{"line":30,"column":66}},"11":{"start":{"line":32,"column":4},"end":{"line":32,"column":39}},"12":{"start":{"line":44,"column":2},"end":{"line":54,"column":3}},"13":{"start":{"line":45,"column":4},"end":{"line":49,"column":6}},"14":{"start":{"line":51,"column":4},"end":{"line":53,"column":5}},"15":{"start":{"line":52,"column":6},"end":{"line":52,"column":47}},"16":{"start":{"line":68,"column":2},"end":{"line":123,"column":3}},"17":{"start":{"line":69,"column":4},"end":{"line":122,"column":6}},"18":{"start":{"line":70,"column":6},"end":{"line":70,"column":55}},"19":{"start":{"line":71,"column":6},"end":{"line":71,"column":60}},"20":{"start":{"line":72,"column":6},"end":{"line":72,"column":50}},"21":{"start":{"line":74,"column":6},"end":{"line":115,"column":7}},"22":{"start":{"line":75,"column":8},"end":{"line":75,"column":21}},"23":{"start":{"line":76,"column":8},"end":{"line":76,"column":28}},"24":{"start":{"line":77,"column":8},"end":{"line":77,"column":26}},"25":{"start":{"line":78,"column":8},"end":{"line":78,"column":29}},"26":{"start":{"line":79,"column":8},"end":{"line":79,"column":48}},"27":{"start":{"line":80,"column":8},"end":{"line":80,"column":94}},"28":{"start":{"line":81,"column":8},"end":{"line":81,"column":68}},"29":{"start":{"line":82,"column":8},"end":{"line":82,"column":66}},"30":{"start":{"line":84,"column":8},"end":{"line":90,"column":9}},"31":{"start":{"line":85,"column":10},"end":{"line":85,"column":47}},"32":{"start":{"line":86,"column":10},"end":{"line":86,"column":60}},"33":{"start":{"line":88,"column":10},"end":{"line":88,"column":31}},"34":{"start":{"line":89,"column":10},"end":{"line":89,"column":40}},"35":{"start":{"line":92,"column":8},"end":{"line":92,"column":58}},"36":{"start":{"line":93,"column":8},"end":{"line":93,"column":31}},"37":{"start":{"line":99,"column":8},"end":{"line":99,"column":48}},"38":{"start":{"line":100,"column":8},"end":{"line":114,"column":9}},"39":{"start":{"line":101,"column":10},"end":{"line":101,"column":49}},"40":{"start":{"line":103,"column":10},"end":{"line":113,"column":12}},"41":{"start":{"line":111,"column":12},"end":{"line":111,"column":62}},"42":{"start":{"line":112,"column":12},"end":{"line":112,"column":72}},"43":{"start":{"line":117,"column":6},"end":{"line":117,"column":51}},"44":{"start":{"line":118,"column":6},"end":{"line":120,"column":7}},"45":{"start":{"line":119,"column":8},"end":{"line":119,"column":61}},"46":{"start":{"line":121,"column":6},"end":{"line":121,"column":44}},"47":{"start":{"line":130,"column":2},"end":{"line":132,"column":3}},"48":{"start":{"line":131,"column":4},"end":{"line":131,"column":72}},"49":{"start":{"line":140,"column":2},"end":{"line":164,"column":3}},"50":{"start":{"line":142,"column":4},"end":{"line":144,"column":5}},"51":{"start":{"line":143,"column":6},"end":{"line":143,"column":16}},"52":{"start":{"line":151,"column":4},"end":{"line":151,"column":32}},"53":{"start":{"line":152,"column":4},"end":{"line":154,"column":5}},"54":{"start":{"line":153,"column":6},"end":{"line":153,"column":19}},"55":{"start":{"line":158,"column":4},"end":{"line":158,"column":12}},"56":{"start":{"line":159,"column":4},"end":{"line":161,"column":5}},"57":{"start":{"line":160,"column":6},"end":{"line":160,"column":19}},"58":{"start":{"line":163,"column":4},"end":{"line":163,"column":14}},"59":{"start":{"line":172,"column":2},"end":{"line":182,"column":3}},"60":{"start":{"line":173,"column":4},"end":{"line":173,"column":22}},"61":{"start":{"line":174,"column":4},"end":{"line":179,"column":5}},"62":{"start":{"line":175,"column":6},"end":{"line":175,"column":26}},"63":{"start":{"line":176,"column":6},"end":{"line":178,"column":7}},"64":{"start":{"line":177,"column":8},"end":{"line":177,"column":29}},"65":{"start":{"line":180,"column":4},"end":{"line":180,"column":24}},"66":{"start":{"line":181,"column":4},"end":{"line":181,"column":20}},"67":{"start":{"line":192,"column":2},"end":{"line":208,"column":3}},"68":{"start":{"line":194,"column":4},"end":{"line":207,"column":7}},"69":{"start":{"line":195,"column":6},"end":{"line":206,"column":7}},"70":{"start":{"line":196,"column":8},"end":{"line":196,"column":56}},"71":{"start":{"line":198,"column":8},"end":{"line":198,"column":55}},"72":{"start":{"line":199,"column":8},"end":{"line":199,"column":47}},"73":{"start":{"line":201,"column":8},"end":{"line":203,"column":11}},"74":{"start":{"line":202,"column":10},"end":{"line":202,"column":146}},"75":{"start":{"line":205,"column":8},"end":{"line":205,"column":100}},"76":{"start":{"line":210,"column":2},"end":{"line":219,"column":3}},"77":{"start":{"line":211,"column":4},"end":{"line":216,"column":5}},"78":{"start":{"line":212,"column":6},"end":{"line":212,"column":37}},"79":{"start":{"line":213,"column":6},"end":{"line":213,"column":85}},"80":{"start":{"line":214,"column":6},"end":{"line":214,"column":45}},"81":{"start":{"line":215,"column":6},"end":{"line":215,"column":18}},"82":{"start":{"line":218,"column":4},"end":{"line":218,"column":79}},"83":{"start":{"line":221,"column":2},"end":{"line":223,"column":3}},"84":{"start":{"line":222,"column":4},"end":{"line":222,"column":68}},"85":{"start":{"line":232,"column":2},"end":{"line":236,"column":4}},"86":{"start":{"line":233,"column":4},"end":{"line":233,"column":22}},"87":{"start":{"line":234,"column":4},"end":{"line":234,"column":39}},"88":{"start":{"line":235,"column":4},"end":{"line":235,"column":52}}},"branchMap":{"1":{"line":12,"type":"if","locations":[{"start":{"line":12,"column":4},"end":{"line":12,"column":4}},{"start":{"line":12,"column":4},"end":{"line":12,"column":4}}]},"2":{"line":28,"type":"if","locations":[{"start":{"line":28,"column":4},"end":{"line":28,"column":4}},{"start":{"line":28,"column":4},"end":{"line":28,"column":4}}]},"3":{"line":51,"type":"if","locations":[{"start":{"line":51,"column":4},"end":{"line":51,"column":4}},{"start":{"line":51,"column":4},"end":{"line":51,"column":4}}]},"4":{"line":74,"type":"if","locations":[{"start":{"line":74,"column":6},"end":{"line":74,"column":6}},{"start":{"line":74,"column":6},"end":{"line":74,"column":6}}]},"5":{"line":80,"type":"cond-expr","locations":[{"start":{"line":80,"column":70},"end":{"line":80,"column":80}},{"start":{"line":80,"column":83},"end":{"line":80,"column":93}}]},"6":{"line":80,"type":"binary-expr","locations":[{"start":{"line":80,"column":22},"end":{"line":80,"column":37}},{"start":{"line":80,"column":41},"end":{"line":80,"column":66}}]},"7":{"line":84,"type":"if","locations":[{"start":{"line":84,"column":8},"end":{"line":84,"column":8}},{"start":{"line":84,"column":8},"end":{"line":84,"column":8}}]},"8":{"line":100,"type":"if","locations":[{"start":{"line":100,"column":8},"end":{"line":100,"column":8}},{"start":{"line":100,"column":8},"end":{"line":100,"column":8}}]},"9":{"line":118,"type":"if","locations":[{"start":{"line":118,"column":6},"end":{"line":118,"column":6}},{"start":{"line":118,"column":6},"end":{"line":118,"column":6}}]},"10":{"line":121,"type":"cond-expr","locations":[{"start":{"line":121,"column":32},"end":{"line":121,"column":33}},{"start":{"line":121,"column":36},"end":{"line":121,"column":42}}]},"11":{"line":131,"type":"binary-expr","locations":[{"start":{"line":131,"column":12},"end":{"line":131,"column":27}},{"start":{"line":131,"column":33},"end":{"line":131,"column":70}}]},"12":{"line":142,"type":"if","locations":[{"start":{"line":142,"column":4},"end":{"line":142,"column":4}},{"start":{"line":142,"column":4},"end":{"line":142,"column":4}}]},"13":{"line":152,"type":"if","locations":[{"start":{"line":152,"column":4},"end":{"line":152,"column":4}},{"start":{"line":152,"column":4},"end":{"line":152,"column":4}}]},"14":{"line":159,"type":"if","locations":[{"start":{"line":159,"column":4},"end":{"line":159,"column":4}},{"start":{"line":159,"column":4},"end":{"line":159,"column":4}}]},"15":{"line":176,"type":"if","locations":[{"start":{"line":176,"column":6},"end":{"line":176,"column":6}},{"start":{"line":176,"column":6},"end":{"line":176,"column":6}}]},"16":{"line":176,"type":"binary-expr","locations":[{"start":{"line":176,"column":10},"end":{"line":176,"column":18}},{"start":{"line":176,"column":22},"end":{"line":176,"column":39}}]},"17":{"line":195,"type":"if","locations":[{"start":{"line":195,"column":6},"end":{"line":195,"column":6}},{"start":{"line":195,"column":6},"end":{"line":195,"column":6}}]},"18":{"line":196,"type":"binary-expr","locations":[{"start":{"line":196,"column":30},"end":{"line":196,"column":49}},{"start":{"line":196,"column":53},"end":{"line":196,"column":55}}]},"19":{"line":211,"type":"if","locations":[{"start":{"line":211,"column":4},"end":{"line":211,"column":4}},{"start":{"line":211,"column":4},"end":{"line":211,"column":4}}]}},"code":["module.exports = new (function() {","","  /**","   * Given an element name, returns that element object","   *","   * @param {Object} parent The parent page or section","   * @param {string} elementName Name of element","   * @returns {Object} The element object","   */","  function getElement(parent, elementName) {","    elementName = elementName.substring(1);","    if (!(elementName in parent.elements)) {","      throw new Error(elementName + ' was not found in \"' + parent.name +","        '\". Available elements: ' + Object.keys(parent.elements));","    }","    return parent.elements[elementName];","  }","","  /**","   * Given a section name, returns that section object","   *","   * @param {Object} parent The parent page or section","   * @param {string} sectionName Name of section","   * @returns {Object} The section object","   */","  function getSection(parent, sectionName) {","    sectionName = sectionName.substring(1);","    if (!(sectionName in parent.section)) {","      throw new Error(sectionName + ' was not found in \"' + parent.name +","        '\". Available sections: ' + Object.keys(parent.sections));","    }","    return parent.section[sectionName];","  }","","  /**","   * Calls use(Css|Xpath|Recursion) command","   *","   * Uses `useXpath`, `useCss`, and `useRecursion` commands.","   *","   * @param {Object} client The Nightwatch instance","   * @param {string} desiredStrategy (css selector|xpath|recursion)","   * @returns {null}","   */","  function setLocateStrategy(client, desiredStrategy) {","    var methodMap = {","      xpath : 'useXpath',","      'css selector' : 'useCss',","      recursion : 'useRecursion'","    };","","    if (desiredStrategy in methodMap) {","      client.api[methodMap[desiredStrategy]]();","    }","  }","","  /**","   * Creates a closure that enables calling commands and assertions on the page or section.","   * For all element commands and assertions, it fetches element's selector and locate strategy","   *  For elements nested under sections, it sets 'recursion' as the locate strategy and passes as its first argument to the command an array of its ancestors + self","   *  If the command or assertion is not on an element, it calls it with the untouched passed arguments","   *","   * @param {Object} parent The parent page or section","   * @param {function} commandFn The actual command function","   * @param {string} commandName The name of the command (\"click\", \"containsText\", etc)","   * @param {Boolean} [isChaiAssertion]","   * @returns {function}","   */","  function makeWrappedCommand(parent, commandFn, commandName, isChaiAssertion) {","    return function() {","      var args = Array.prototype.slice.call(arguments);","      var prevLocateStrategy = parent.client.locateStrategy;","      var elementCommand = isElementCommand(args);","","      if (elementCommand) {","        var firstArg;","        var desiredStrategy;","        var callbackIndex;","        var originalCallback;","        var elementOrSectionName = args.shift();","        var getter = (isChaiAssertion && commandName === 'section') ? getSection : getElement;","        var elementOrSection = getter(parent, elementOrSectionName);","        var ancestors = getAncestorsWithElement(elementOrSection);","","        if (ancestors.length === 1) {","          firstArg = elementOrSection.selector;","          desiredStrategy = elementOrSection.locateStrategy;","        } else {","          firstArg = ancestors;","          desiredStrategy = 'recursion';","        }","","        setLocateStrategy(parent.client, desiredStrategy);","        args.unshift(firstArg);","","        // if a callback is being used with this command, wrap it in","        // a function that allows us to restore the locate strategy","        // to its original value before the callback is called","","        callbackIndex = findCallbackIndex(args);","        if (callbackIndex !== -1) {","          originalCallback = args[callbackIndex];","","          args[callbackIndex] = function callbackWrapper() {","","            // restore the locate strategy directly through client.locateStrategy.","            // setLocateStrategy() can't be used since it uses the api commands","            // which get added to the command queue and will not update the","            // strategy in time for the callback which is getting immediately","            // called after","","            parent.client.locateStrategy = prevLocateStrategy;","            return originalCallback.apply(parent.client.api, arguments);","          };","        }","      }","","      var c = commandFn.apply(parent.client, args);","      if (elementCommand) {","        setLocateStrategy(parent.client, prevLocateStrategy);","      }","      return (isChaiAssertion ? c : parent);","    };","  }","","  /**","   *","   * @param {Array} args","   * @return {boolean}","   */","  function isElementCommand(args) {","    return (args.length > 0) && (args[0].toString().indexOf('@') === 0);","  }","","  /**","   * Identifies the location of a callback function within an arguments array.","   *","   * @param {Array} args Arguments array in which to find the location of a callback.","   * @returns {number} Index location of the callback in the args array. If not found, -1 is returned.","   */","  function findCallbackIndex(args) {","","    if (args.length === 0) {","      return -1;","    }","","    // callbacks will usually be the last argument. waitFor methods allow an additional","    // message argument to follow the callback which will also need to be checked for.","","    // last argument","","    var index = args.length - 1;","    if (typeof args[index] === 'function') {","      return index;","    }","","    // second to last argument (waitfor calls)","","    index--;","    if (typeof args[index] === 'function') {","      return index;","    }","","    return -1;","  }","","  /**","   * Retrieves an array of ancestors of the supplied element. The last element in the array is the element object itself","   *","   * @param {Object} element The element","   * @returns {Array}","   */","  function getAncestorsWithElement(element) {","    var elements = [];","    function addElement(e) {","      elements.unshift(e);","      if (e.parent && e.parent.selector) {","        addElement(e.parent);","      }","    }","    addElement(element);","    return elements;","  }","","  /**","   * Adds commands (elements commands, assertions, etc) to the page or section","   *","   * @param {Object} parent The parent page or section","   * @param {Object} target What the command is added to (parent|section or assertion object on parent|section)","   * @param {Object} commands","   * @returns {null}","   */","  function applyCommandsToTarget(parent, target, commands) {","","    Object.keys(commands).forEach(function(commandName) {","      if (isValidAssertion(commandName)) {","        target[commandName] = target[commandName] || {};","","        var isChaiAssertion = commandName === 'expect';","        var assertions = commands[commandName];","","        Object.keys(assertions).forEach(function(assertionName) {","          target[commandName][assertionName] = addCommand(target[commandName], assertions[assertionName], assertionName, parent, isChaiAssertion);","        });","      } else {","        target[commandName] = addCommand(target, commands[commandName], commandName, parent, false);","      }","    });","  }","","  function addCommand(target, commandFn, commandName, parent, isChaiAssertion) {","    if (target[commandName]) {","      parent.client.results.errors++;","      var error = new Error('The command \"' + commandName + '\" is already defined!');","      parent.client.errors.push(error.stack);","      throw error;","    }","","    return makeWrappedCommand(parent, commandFn, commandName, isChaiAssertion);","  }","","  function isValidAssertion(commandName) {","    return ['assert', 'verify', 'expect'].indexOf(commandName) > -1;","  }","","  /**","   * Entrypoint to add commands (elements commands, assertions, etc) to the page or section","   *","   * @param {Object} parent The parent page or section","   * @param {function} commandLoader function that retrieves commands","   * @returns {null}","   */","  this.addWrappedCommands = function (parent, commandLoader) {","    var commands = {};","    commands = commandLoader(commands);","    applyCommandsToTarget(parent, parent, commands);","  };","","})();",""],"l":{"1":1,"10":1,"11":0,"12":0,"13":0,"16":0,"26":1,"27":0,"28":0,"29":0,"32":0,"44":1,"45":0,"51":0,"52":0,"68":1,"69":0,"70":0,"71":0,"72":0,"74":0,"75":0,"76":0,"77":0,"78":0,"79":0,"80":0,"81":0,"82":0,"84":0,"85":0,"86":0,"88":0,"89":0,"92":0,"93":0,"99":0,"100":0,"101":0,"103":0,"111":0,"112":0,"117":0,"118":0,"119":0,"121":0,"130":1,"131":0,"140":1,"142":0,"143":0,"151":0,"152":0,"153":0,"158":0,"159":0,"160":0,"163":0,"172":1,"173":0,"174":1,"175":0,"176":0,"177":0,"180":0,"181":0,"192":1,"194":0,"195":0,"196":0,"198":0,"199":0,"201":0,"202":0,"205":0,"210":1,"211":0,"212":0,"213":0,"214":0,"215":0,"218":0,"221":1,"222":0,"232":1,"233":0,"234":0,"235":0}}}